[0.016s] Invoking command in '/home/sfr2023/leo_ws/build/explore_lite': CMAKE_PREFIX_PATH=${CMAKE_PREFIX_PATH}:/opt/ros/humble /usr/bin/cmake /home/sfr2023/leo_ws/src/m-explore-ros2/explore -DCMAKE_INSTALL_PREFIX=/home/sfr2023/leo_ws/install/explore_lite
[0.175s] -- The C compiler identification is GNU 11.4.0
[0.175s] -- The CXX compiler identification is GNU 11.4.0
[0.175s] -- Detecting C compiler ABI info
[0.175s] -- Detecting C compiler ABI info - done
[0.365s] -- Check for working C compiler: /usr/bin/cc - skipped
[0.366s] -- Detecting C compile features
[0.366s] -- Detecting C compile features - done
[0.366s] -- Detecting CXX compiler ABI info
[0.366s] -- Detecting CXX compiler ABI info - done
[0.367s] -- Check for working CXX compiler: /usr/bin/c++ - skipped
[0.367s] -- Detecting CXX compile features
[0.367s] -- Detecting CXX compile features - done
[0.367s] -- BuilD for ROS2: humble
[0.367s] -- Found ament_cmake: 1.3.10 (/opt/ros/humble/share/ament_cmake/cmake)
[0.388s] -- Found Python3: /usr/bin/python3 (found version "3.10.12") found components: Interpreter 
[0.482s] -- Found rclcpp: 16.0.10 (/opt/ros/humble/share/rclcpp/cmake)
[0.522s] -- Found rosidl_generator_c: 3.1.5 (/opt/ros/humble/share/rosidl_generator_c/cmake)
[0.527s] -- Found rosidl_adapter: 3.1.5 (/opt/ros/humble/share/rosidl_adapter/cmake)
[0.535s] -- Found rosidl_generator_cpp: 3.1.5 (/opt/ros/humble/share/rosidl_generator_cpp/cmake)
[0.548s] -- Using all available rosidl_typesupport_c: rosidl_typesupport_fastrtps_c;rosidl_typesupport_introspection_c
[0.564s] -- Using all available rosidl_typesupport_cpp: rosidl_typesupport_fastrtps_cpp;rosidl_typesupport_introspection_cpp
[0.606s] -- Found rmw_implementation_cmake: 6.1.2 (/opt/ros/humble/share/rmw_implementation_cmake/cmake)
[0.607s] -- Found rmw_fastrtps_cpp: 6.2.7 (/opt/ros/humble/share/rmw_fastrtps_cpp/cmake)
[0.672s] -- Found OpenSSL: /usr/lib/x86_64-linux-gnu/libcrypto.so (found version "3.0.2")  
[0.698s] -- Found FastRTPS: /opt/ros/humble/include  
[0.735s] -- Using RMW implementation 'rmw_fastrtps_cpp' as default
[0.740s] -- Looking for pthread.h
[0.805s] -- Looking for pthread.h - found
[0.806s] -- Performing Test CMAKE_HAVE_LIBC_PTHREAD
[0.878s] -- Performing Test CMAKE_HAVE_LIBC_PTHREAD - Success
[0.878s] -- Found Threads: TRUE  
[0.908s] -- Found sensor_msgs: 4.2.4 (/opt/ros/humble/share/sensor_msgs/cmake)
[0.930s] -- Found tf2_ros: 0.25.8 (/opt/ros/humble/share/tf2_ros/cmake)
[0.994s] -- Found tf2_geometry_msgs: 0.25.8 (/opt/ros/humble/share/tf2_geometry_msgs/cmake)
[1.001s] -- Found eigen3_cmake_module: 0.1.1 (/opt/ros/humble/share/eigen3_cmake_module/cmake)
[1.002s] -- Found Eigen3: TRUE (found version "3.4.0") 
[1.002s] -- Ensuring Eigen3 include directory is part of orocos-kdl CMake target
[1.004s] -- Found nav2_msgs: 1.1.16 (/opt/ros/humble/share/nav2_msgs/cmake)
[1.027s] -- Found map_msgs: 2.1.0 (/opt/ros/humble/share/map_msgs/cmake)
[1.038s] -- Found visualization_msgs: 4.2.4 (/opt/ros/humble/share/visualization_msgs/cmake)
[1.049s] -- Found nav2_costmap_2d: 1.1.16 (/opt/ros/humble/share/nav2_costmap_2d/cmake)
[1.119s] -- Found ament_lint_auto: 0.12.11 (/opt/ros/humble/share/ament_lint_auto/cmake)
[1.167s] -- Found ament_cmake_gtest: 1.3.10 (/opt/ros/humble/share/ament_cmake_gtest/cmake)
[1.168s] -- Found gtest sources under '/opt/ros/humble/src/gtest_vendor': C++ tests using 'Google Test' will be built
[1.176s] -- Added test 'cppcheck' to perform static code analysis on C / C++ code
[1.176s] -- Configured cppcheck include dirs: /home/sfr2023/leo_ws/src/m-explore-ros2/explore/include;$<BUILD_INTERFACE:/home/sfr2023/leo_ws/src/m-explore-ros2/explore/include>
[1.176s] -- Configured cppcheck exclude dirs and/or files: 
[1.176s] -- Added test 'flake8' to check Python code syntax and style conventions
[1.176s] -- Added test 'lint_cmake' to check CMake code style
[1.177s] -- Added test 'pep257' to check Python code against some of the docstring style conventions in PEP 257
[1.177s] -- Added test 'uncrustify' to check C / C++ code style
[1.178s] -- Configured uncrustify additional arguments: 
[1.178s] -- Added test 'xmllint' to check XML markup files
[1.179s] -- Configuring done
[1.226s] -- Generating done
[1.228s] -- Build files have been written to: /home/sfr2023/leo_ws/build/explore_lite
[1.236s] Invoked command in '/home/sfr2023/leo_ws/build/explore_lite' returned '0': CMAKE_PREFIX_PATH=${CMAKE_PREFIX_PATH}:/opt/ros/humble /usr/bin/cmake /home/sfr2023/leo_ws/src/m-explore-ros2/explore -DCMAKE_INSTALL_PREFIX=/home/sfr2023/leo_ws/install/explore_lite
[1.238s] Invoking command in '/home/sfr2023/leo_ws/build/explore_lite': CMAKE_PREFIX_PATH=${CMAKE_PREFIX_PATH}:/opt/ros/humble /usr/bin/cmake --build /home/sfr2023/leo_ws/build/explore_lite -- -j12 -l12
[1.276s] [ 10%] Building CXX object gtest/CMakeFiles/gtest_main.dir/src/gtest_main.cc.o
[1.277s] [ 20%] Building CXX object gtest/CMakeFiles/gtest.dir/src/gtest-all.cc.o
[1.283s] [ 50%] Building CXX object CMakeFiles/explore.dir/src/costmap_client.cpp.o
[1.283s] [ 50%] Building CXX object CMakeFiles/explore.dir/src/explore.cpp.o
[1.283s] [ 50%] Building CXX object CMakeFiles/explore.dir/src/frontier_search.cpp.o
[1.670s] [ 60%] Linking CXX static library libgtest_main.a
[1.705s] [ 60%] Built target gtest_main
[3.244s] [ 70%] Linking CXX static library libgtest.a
[3.295s] [ 70%] Built target gtest
[3.317s] [ 80%] Building CXX object CMakeFiles/test_explore.dir/test/test_explore.cpp.o
[4.275s] [ 90%] Linking CXX executable test_explore
[5.327s] [ 90%] Built target test_explore
[13.463s] [100%] Linking CXX executable explore
[14.661s] [100%] Built target explore
[14.669s] Invoked command in '/home/sfr2023/leo_ws/build/explore_lite' returned '0': CMAKE_PREFIX_PATH=${CMAKE_PREFIX_PATH}:/opt/ros/humble /usr/bin/cmake --build /home/sfr2023/leo_ws/build/explore_lite -- -j12 -l12
[14.699s] Invoking command in '/home/sfr2023/leo_ws/build/explore_lite': CMAKE_PREFIX_PATH=${CMAKE_PREFIX_PATH}:/opt/ros/humble /usr/bin/cmake --install /home/sfr2023/leo_ws/build/explore_lite
[14.707s] -- Install configuration: ""
[14.707s] -- Installing: /home/sfr2023/leo_ws/install/explore_lite/include/explore/
[14.707s] -- Installing: /home/sfr2023/leo_ws/install/explore_lite/include/explore//frontier_search.h
[14.708s] -- Installing: /home/sfr2023/leo_ws/install/explore_lite/include/explore//costmap_client.h
[14.708s] -- Installing: /home/sfr2023/leo_ws/install/explore_lite/include/explore//explore.h
[14.708s] -- Installing: /home/sfr2023/leo_ws/install/explore_lite/include/explore//costmap_tools.h
[14.708s] -- Installing: /home/sfr2023/leo_ws/install/explore_lite/share/explore_lite/config
[14.708s] -- Installing: /home/sfr2023/leo_ws/install/explore_lite/share/explore_lite/config/params_costmap.yaml
[14.708s] -- Installing: /home/sfr2023/leo_ws/install/explore_lite/share/explore_lite/config/params.yaml
[14.708s] -- Installing: /home/sfr2023/leo_ws/install/explore_lite/share/explore_lite/launch
[14.708s] -- Installing: /home/sfr2023/leo_ws/install/explore_lite/share/explore_lite/launch/explore.launch.py
[14.708s] -- Installing: /home/sfr2023/leo_ws/install/explore_lite/lib/explore_lite/explore
[14.714s] -- Set runtime path of "/home/sfr2023/leo_ws/install/explore_lite/lib/explore_lite/explore" to ""
[14.714s] -- Installing: /home/sfr2023/leo_ws/install/explore_lite/share/ament_index/resource_index/package_run_dependencies/explore_lite
[14.714s] -- Installing: /home/sfr2023/leo_ws/install/explore_lite/share/ament_index/resource_index/parent_prefix_path/explore_lite
[14.715s] -- Installing: /home/sfr2023/leo_ws/install/explore_lite/share/explore_lite/environment/ament_prefix_path.sh
[14.715s] -- Installing: /home/sfr2023/leo_ws/install/explore_lite/share/explore_lite/environment/ament_prefix_path.dsv
[14.715s] -- Installing: /home/sfr2023/leo_ws/install/explore_lite/share/explore_lite/environment/path.sh
[14.715s] -- Installing: /home/sfr2023/leo_ws/install/explore_lite/share/explore_lite/environment/path.dsv
[14.715s] -- Installing: /home/sfr2023/leo_ws/install/explore_lite/share/explore_lite/local_setup.bash
[14.715s] -- Installing: /home/sfr2023/leo_ws/install/explore_lite/share/explore_lite/local_setup.sh
[14.715s] -- Installing: /home/sfr2023/leo_ws/install/explore_lite/share/explore_lite/local_setup.zsh
[14.715s] -- Installing: /home/sfr2023/leo_ws/install/explore_lite/share/explore_lite/local_setup.dsv
[14.715s] -- Installing: /home/sfr2023/leo_ws/install/explore_lite/share/explore_lite/package.dsv
[14.715s] -- Installing: /home/sfr2023/leo_ws/install/explore_lite/share/ament_index/resource_index/packages/explore_lite
[14.716s] -- Installing: /home/sfr2023/leo_ws/install/explore_lite/share/explore_lite/cmake/ament_cmake_export_include_directories-extras.cmake
[14.716s] -- Installing: /home/sfr2023/leo_ws/install/explore_lite/share/explore_lite/cmake/explore_liteConfig.cmake
[14.716s] -- Installing: /home/sfr2023/leo_ws/install/explore_lite/share/explore_lite/cmake/explore_liteConfig-version.cmake
[14.716s] -- Installing: /home/sfr2023/leo_ws/install/explore_lite/share/explore_lite/package.xml
[14.718s] Invoked command in '/home/sfr2023/leo_ws/build/explore_lite' returned '0': CMAKE_PREFIX_PATH=${CMAKE_PREFIX_PATH}:/opt/ros/humble /usr/bin/cmake --install /home/sfr2023/leo_ws/build/explore_lite
