[0.164s] Invoking command in '/home/sfr2023/leo_ws/build/leo_gz_plugins': CMAKE_PREFIX_PATH=${CMAKE_PREFIX_PATH}:/opt/ros/humble /usr/bin/cmake /home/sfr2023/leo_ws/src/leo_gz_plugins -DCMAKE_INSTALL_PREFIX=/home/sfr2023/leo_ws/install/leo_gz_plugins
[0.314s] -- The C compiler identification is GNU 11.4.0
[0.314s] -- The CXX compiler identification is GNU 11.4.0
[0.314s] -- Detecting C compiler ABI info
[0.317s] -- Detecting C compiler ABI info - done
[0.325s] -- Check for working C compiler: /usr/bin/cc - skipped
[0.325s] -- Detecting C compile features
[0.325s] -- Detecting C compile features - done
[0.328s] -- Detecting CXX compiler ABI info
[0.385s] -- Detecting CXX compiler ABI info - done
[0.393s] -- Check for working CXX compiler: /usr/bin/c++ - skipped
[0.394s] -- Detecting CXX compile features
[0.394s] -- Detecting CXX compile features - done
[0.396s] -- Found ament_cmake: 1.3.10 (/opt/ros/humble/share/ament_cmake/cmake)
[0.512s] -- Found Python3: /usr/bin/python3 (found version "3.10.12") found components: Interpreter 
[0.585s] -- Looking for ignition-plugin1 -- found version 1.4.0
[0.591s] -- Searching for dependencies of ignition-plugin1
[0.592s] -- Searching for <ignition-plugin1> component [register]
[0.593s] -- Looking for ignition-plugin1-register -- found version 1.4.0
[0.593s] -- Searching for dependencies of ignition-plugin1-register
[0.600s] -- Looking for ignition-gazebo6 -- found version 6.16.0
[0.600s] -- Searching for dependencies of ignition-gazebo6
[0.601s] -- Looking for sdformat12 -- found version 12.7.2
[0.601s] -- Searching for dependencies of sdformat12
[0.607s] -- Checking for module 'tinyxml2'
[0.618s] --   Found tinyxml2, version 9.0.0
[0.650s] -- Looking for ignition-math6 -- found version 6.15.1
[0.650s] -- Searching for dependencies of ignition-math6
[0.653s] -- Looking for ignition-utils1 -- found version 1.5.1
[0.654s] -- Searching for dependencies of ignition-utils1
[0.656s] -- Looking for ignition-plugin1 -- found version 1.4.0
[0.656s] -- Searching for dependencies of ignition-plugin1
[0.656s] -- Searching for <ignition-plugin1> component [loader]
[0.658s] -- Looking for ignition-plugin1-loader -- found version 1.4.0
[0.659s] -- Searching for dependencies of ignition-plugin1-loader
[0.659s] -- Searching for <ignition-plugin1> component [register]
[0.662s] -- Looking for ignition-transport11 -- found version 11.4.1
[0.662s] -- Searching for dependencies of ignition-transport11
[0.843s] -- Found Protobuf: /usr/lib/x86_64-linux-gnu/libprotobuf.so (found version "3.12.4") 
[0.843s] -- Config-file not installed for ZeroMQ -- checking for pkg-config
[0.846s] -- Checking for module 'libzmq >= 4'
[0.858s] --   Found libzmq , version 4.3.4
[0.889s] -- Found ZeroMQ: TRUE (Required is at least version "4") 
[0.895s] -- Checking for module 'uuid'
[0.903s] --   Found uuid, version 2.37.2
[0.925s] -- Found UUID: TRUE  
[0.926s] -- Looking for ignition-utils1 -- found version 1.5.1
[0.926s] -- Searching for dependencies of ignition-utils1
[0.926s] -- Searching for <ignition-utils1> component [cli]
[0.927s] -- Looking for ignition-utils1-cli -- found version 1.5.1
[0.928s] -- Searching for dependencies of ignition-utils1-cli
[0.929s] -- Looking for ignition-msgs8 -- found version 8.7.0
[0.930s] -- Searching for dependencies of ignition-msgs8
[0.940s] -- Found Protobuf: /usr/lib/x86_64-linux-gnu/libprotobuf.so (found suitable version "3.12.4", minimum required is "3") 
[0.940s] -- Looking for ignition-math6 -- found version 6.15.1
[0.948s] -- Searching for <ignition-transport11> component [log]
[0.949s] -- Looking for ignition-transport11-log -- found version 11.4.1
[0.950s] -- Searching for dependencies of ignition-transport11-log
[0.950s] -- Searching for <ignition-transport11> component [parameters]
[0.951s] -- Looking for ignition-transport11-parameters -- found version 11.4.1
[0.952s] -- Searching for dependencies of ignition-transport11-parameters
[0.953s] -- Looking for ignition-msgs8 -- found version 8.7.0
[0.954s] -- Looking for ignition-common4 -- found version 4.7.0
[0.954s] -- Searching for dependencies of ignition-common4
[0.955s] -- Looking for dlfcn.h - found
[0.955s] -- Looking for libdl - found
[0.956s] -- Found DL: TRUE  
[0.961s] -- Searching for <ignition-common4> component [profiler]
[0.963s] -- Looking for ignition-common4-profiler -- found version 4.7.0
[0.963s] -- Searching for dependencies of ignition-common4-profiler
[0.964s] -- Searching for <ignition-common4> component [events]
[0.965s] -- Looking for ignition-common4-events -- found version 4.7.0
[0.965s] -- Searching for dependencies of ignition-common4-events
[0.965s] -- Looking for ignition-math6 -- found version 6.15.1
[0.966s] -- Searching for <ignition-common4> component [av]
[0.967s] -- Looking for ignition-common4-av -- found version 4.7.0
[0.967s] -- Searching for dependencies of ignition-common4-av
[0.972s] -- Checking for module 'libswscale'
[0.983s] --   Found libswscale, version 5.9.100
[1.008s] -- Found SWSCALE: TRUE  
[1.012s] -- Checking for module 'libavdevice >= 56.4.100'
[1.021s] --   Found libavdevice , version 58.13.100
[1.048s] -- Found AVDEVICE: TRUE (Required is at least version "56.4.100") 
[1.052s] -- Checking for module 'libavformat'
[1.061s] --   Found libavformat, version 58.76.100
[1.088s] -- Found AVFORMAT: TRUE  
[1.093s] -- Checking for module 'libavcodec'
[1.103s] --   Found libavcodec, version 58.134.100
[1.126s] -- Found AVCODEC: TRUE  
[1.130s] -- Checking for module 'libavutil'
[1.139s] --   Found libavutil, version 56.70.100
[1.162s] -- Found AVUTIL: TRUE  
[1.166s] -- Looking for ignition-fuel_tools7 -- found version 7.3.0
[1.166s] -- Searching for dependencies of ignition-fuel_tools7
[1.225s] -- Found CURL: /usr/lib/x86_64-linux-gnu/libcurl.so (found version "7.81.0")  
[1.234s] -- Checking for module 'jsoncpp'
[1.243s] --   Found jsoncpp, version 1.9.5
[1.269s] -- Found JSONCPP: TRUE  
[1.274s] -- Checking for module 'libzip'
[1.283s] --   Found libzip, version 1.7.3
[1.310s] -- Found ZIP: TRUE  
[1.310s] -- Looking for ignition-common4 -- found version 4.7.0
[1.310s] -- Looking for ignition-math6 -- found version 6.15.1
[1.311s] -- Looking for ignition-msgs8 -- found version 8.7.0
[1.313s] -- Looking for ignition-gui6 -- found version 6.8.0
[1.314s] -- Searching for dependencies of ignition-gui6
[1.332s] -- Looking for ignition-math6 -- found version 6.15.1
[1.333s] -- Looking for ignition-common4 -- found version 4.7.0
[1.333s] -- Looking for ignition-plugin1 -- found version 1.4.0
[1.333s] -- Looking for ignition-transport11 -- found version 11.4.1
[1.336s] -- Looking for ignition-rendering6 -- found version 6.6.3
[1.336s] -- Searching for dependencies of ignition-rendering6
[1.337s] -- Looking for ignition-math6 -- found version 6.15.1
[1.337s] -- Searching for dependencies of ignition-math6
[1.337s] -- Searching for <ignition-math6> component [eigen3]
[1.339s] -- Looking for ignition-math6-eigen3 -- found version 6.15.1
[1.339s] -- Searching for dependencies of ignition-math6-eigen3
[1.344s] -- Looking for ignition-common4 -- found version 4.7.0
[1.345s] -- Searching for dependencies of ignition-common4
[1.345s] -- Looking for dlfcn.h - found
[1.345s] -- Looking for libdl - found
[1.351s] -- Searching for <ignition-common4> component [graphics]
[1.353s] -- Looking for ignition-common4-graphics -- found version 4.7.0
[1.353s] -- Searching for dependencies of ignition-common4-graphics
[1.353s] -- Looking for ignition-math6 -- found version 6.15.1
[1.353s] -- Looking for ignition-utils1 -- found version 1.5.1
[1.354s] -- Searching for <ignition-common4> component [events]
[1.355s] -- Looking for ignition-plugin1 -- found version 1.4.0
[1.355s] -- Searching for dependencies of ignition-plugin1
[1.355s] -- Searching for <ignition-plugin1> component [all]
[1.356s] -- Looking for all libraries of ignition-plugin1 -- found version 1.4.0
[1.357s] -- Looking for ignition-plugin1 -- found version 1.4.0
[1.358s] -- Looking for ignition-msgs8 -- found version 8.7.0
[1.382s] -- Looking for ignition-physics5 -- found version 5.3.2
[1.382s] -- Searching for dependencies of ignition-physics5
[1.383s] -- Looking for ignition-math6 -- found version 6.15.1
[1.383s] -- Looking for ignition-plugin1 -- found version 1.4.0
[1.383s] -- Looking for ignition-utils1 -- found version 1.5.1
[1.384s] -- Searching for <ignition-physics5> component [heightmap]
[1.385s] -- Looking for ignition-physics5-heightmap -- found version 5.3.2
[1.386s] -- Searching for dependencies of ignition-physics5-heightmap
[1.386s] -- Looking for ignition-common4 -- found version 4.7.0
[1.386s] -- Searching for <ignition-physics5> component [mesh]
[1.388s] -- Looking for ignition-physics5-mesh -- found version 5.3.2
[1.388s] -- Searching for dependencies of ignition-physics5-mesh
[1.388s] -- Looking for ignition-common4 -- found version 4.7.0
[1.389s] -- Searching for <ignition-physics5> component [sdf]
[1.390s] -- Looking for ignition-physics5-sdf -- found version 5.3.2
[1.391s] -- Searching for dependencies of ignition-physics5-sdf
[1.391s] -- Looking for sdformat12 -- found version 12.7.2
[1.393s] -- Looking for ignition-sensors6 -- found version 6.8.0
[1.394s] -- Searching for dependencies of ignition-sensors6
[1.406s] -- Found Protobuf: /usr/lib/x86_64-linux-gnu/libprotobuf.so (found version "3.12.4") 
[1.407s] -- Looking for ignition-math6 -- found version 6.15.1
[1.407s] -- Looking for ignition-common4 -- found version 4.7.0
[1.408s] -- Looking for ignition-transport11 -- found version 11.4.1
[1.408s] -- Looking for ignition-rendering6 -- found version 6.6.3
[1.409s] -- Looking for ignition-msgs8 -- found version 8.7.0
[1.409s] -- Looking for sdformat12 -- found version 12.7.2
[1.410s] -- Searching for <ignition-sensors6> component [air_pressure]
[1.412s] -- Looking for ignition-sensors6-air_pressure -- found version 6.8.0
[1.413s] -- Searching for dependencies of ignition-sensors6-air_pressure
[1.413s] -- Searching for <ignition-sensors6> component [altimeter]
[1.415s] -- Looking for ignition-sensors6-altimeter -- found version 6.8.0
[1.416s] -- Searching for dependencies of ignition-sensors6-altimeter
[1.416s] -- Searching for <ignition-sensors6> component [imu]
[1.418s] -- Looking for ignition-sensors6-imu -- found version 6.8.0
[1.419s] -- Searching for dependencies of ignition-sensors6-imu
[1.419s] -- Searching for <ignition-sensors6> component [force_torque]
[1.422s] -- Looking for ignition-sensors6-force_torque -- found version 6.8.0
[1.422s] -- Searching for dependencies of ignition-sensors6-force_torque
[1.423s] -- Searching for <ignition-sensors6> component [logical_camera]
[1.425s] -- Looking for ignition-sensors6-logical_camera -- found version 6.8.0
[1.425s] -- Searching for dependencies of ignition-sensors6-logical_camera
[1.426s] -- Searching for <ignition-sensors6> component [magnetometer]
[1.429s] -- Looking for ignition-sensors6-magnetometer -- found version 6.8.0
[1.430s] -- Searching for dependencies of ignition-sensors6-magnetometer
[1.430s] -- Searching for <ignition-sensors6> component [navsat]
[1.430s] -- Looking for ignition-sensors6-navsat -- found version 6.8.0
[1.431s] -- Searching for dependencies of ignition-sensors6-navsat
[1.431s] -- Searching for <ignition-sensors6> component [rendering]
[1.433s] -- Looking for ignition-sensors6-rendering -- found version 6.8.0
[1.433s] -- Searching for dependencies of ignition-sensors6-rendering
[1.433s] -- Searching for <ignition-sensors6> component [lidar]
[1.435s] -- Looking for ignition-sensors6-lidar -- found version 6.8.0
[1.435s] -- Searching for dependencies of ignition-sensors6-lidar
[1.436s] -- Looking for ignition-sensors6 -- found version 6.8.0
[1.436s] -- Searching for <ignition-sensors6> component [gpu_lidar]
[1.438s] -- Looking for ignition-sensors6-gpu_lidar -- found version 6.8.0
[1.438s] -- Searching for dependencies of ignition-sensors6-gpu_lidar
[1.438s] -- Looking for ignition-sensors6 -- found version 6.8.0
[1.439s] -- Searching for <ignition-sensors6> component [camera]
[1.440s] -- Looking for ignition-sensors6-camera -- found version 6.8.0
[1.441s] -- Searching for dependencies of ignition-sensors6-camera
[1.441s] -- Looking for ignition-sensors6 -- found version 6.8.0
[1.441s] -- Searching for <ignition-sensors6> component [boundingbox_camera]
[1.443s] -- Looking for ignition-sensors6-boundingbox_camera -- found version 6.8.0
[1.443s] -- Searching for dependencies of ignition-sensors6-boundingbox_camera
[1.444s] -- Searching for <ignition-sensors6> component [segmentation_camera]
[1.445s] -- Looking for ignition-sensors6-segmentation_camera -- found version 6.8.0
[1.446s] -- Searching for dependencies of ignition-sensors6-segmentation_camera
[1.446s] -- Searching for <ignition-sensors6> component [depth_camera]
[1.447s] -- Looking for ignition-sensors6-depth_camera -- found version 6.8.0
[1.448s] -- Searching for dependencies of ignition-sensors6-depth_camera
[1.448s] -- Looking for ignition-sensors6 -- found version 6.8.0
[1.449s] -- Searching for <ignition-sensors6> component [rgbd_camera]
[1.450s] -- Looking for ignition-sensors6-rgbd_camera -- found version 6.8.0
[1.450s] -- Searching for dependencies of ignition-sensors6-rgbd_camera
[1.451s] -- Looking for ignition-sensors6 -- found version 6.8.0
[1.451s] -- Searching for <ignition-sensors6> component [thermal_camera]
[1.453s] -- Looking for ignition-sensors6-thermal_camera -- found version 6.8.0
[1.453s] -- Searching for dependencies of ignition-sensors6-thermal_camera
[1.453s] -- Looking for ignition-sensors6 -- found version 6.8.0
[1.454s] -- Looking for ignition-rendering6 -- found version 6.6.3
[1.454s] -- Looking for ignition-math6 -- found version 6.15.1
[1.456s] -- Looking for ignition-utils1 -- found version 1.5.1
[1.475s] -- Found ament_lint_auto: 0.12.11 (/opt/ros/humble/share/ament_lint_auto/cmake)
[1.561s] -- Added test 'copyright' to check source files copyright and LICENSE
[1.562s] -- Added test 'cpplint' to check C / C++ code against the Google style
[1.562s] -- Configured cpplint exclude dirs and/or files: 
[1.563s] -- Added test 'lint_cmake' to check CMake code style
[1.563s] -- Added test 'uncrustify' to check C / C++ code style
[1.563s] -- Configured uncrustify additional arguments: 
[1.564s] -- Added test 'xmllint' to check XML markup files
[1.565s] -- Configuring done
[1.576s] -- Generating done
[1.578s] -- Build files have been written to: /home/sfr2023/leo_ws/build/leo_gz_plugins
[1.590s] Invoked command in '/home/sfr2023/leo_ws/build/leo_gz_plugins' returned '0': CMAKE_PREFIX_PATH=${CMAKE_PREFIX_PATH}:/opt/ros/humble /usr/bin/cmake /home/sfr2023/leo_ws/src/leo_gz_plugins -DCMAKE_INSTALL_PREFIX=/home/sfr2023/leo_ws/install/leo_gz_plugins
[1.592s] Invoking command in '/home/sfr2023/leo_ws/build/leo_gz_plugins': CMAKE_PREFIX_PATH=${CMAKE_PREFIX_PATH}:/opt/ros/humble /usr/bin/cmake --build /home/sfr2023/leo_ws/build/leo_gz_plugins -- -j12 -l12
[1.633s] [ 50%] Building CXX object CMakeFiles/leo_gz_differential_plugin.dir/src/differential_system.cpp.o
[13.302s] [100%] Linking CXX shared library libleo_gz_differential_plugin.so
[13.738s] [100%] Built target leo_gz_differential_plugin
[13.745s] Invoked command in '/home/sfr2023/leo_ws/build/leo_gz_plugins' returned '0': CMAKE_PREFIX_PATH=${CMAKE_PREFIX_PATH}:/opt/ros/humble /usr/bin/cmake --build /home/sfr2023/leo_ws/build/leo_gz_plugins -- -j12 -l12
[13.766s] Invoking command in '/home/sfr2023/leo_ws/build/leo_gz_plugins': CMAKE_PREFIX_PATH=${CMAKE_PREFIX_PATH}:/opt/ros/humble /usr/bin/cmake --install /home/sfr2023/leo_ws/build/leo_gz_plugins
[13.771s] -- Install configuration: ""
[13.771s] -- Installing: /home/sfr2023/leo_ws/install/leo_gz_plugins/lib/libleo_gz_differential_plugin.so
[13.776s] -- Installing: /home/sfr2023/leo_ws/install/leo_gz_plugins/share/leo_gz_plugins/environment/gz_sim_system_plugin_path.sh
[13.776s] -- Installing: /home/sfr2023/leo_ws/install/leo_gz_plugins/share/leo_gz_plugins/environment/gz_sim_system_plugin_path.dsv
[13.776s] -- Installing: /home/sfr2023/leo_ws/install/leo_gz_plugins/share/ament_index/resource_index/package_run_dependencies/leo_gz_plugins
[13.776s] -- Installing: /home/sfr2023/leo_ws/install/leo_gz_plugins/share/ament_index/resource_index/parent_prefix_path/leo_gz_plugins
[13.776s] -- Installing: /home/sfr2023/leo_ws/install/leo_gz_plugins/share/leo_gz_plugins/environment/ament_prefix_path.sh
[13.776s] -- Installing: /home/sfr2023/leo_ws/install/leo_gz_plugins/share/leo_gz_plugins/environment/ament_prefix_path.dsv
[13.776s] -- Installing: /home/sfr2023/leo_ws/install/leo_gz_plugins/share/leo_gz_plugins/environment/path.sh
[13.776s] -- Installing: /home/sfr2023/leo_ws/install/leo_gz_plugins/share/leo_gz_plugins/environment/path.dsv
[13.776s] -- Installing: /home/sfr2023/leo_ws/install/leo_gz_plugins/share/leo_gz_plugins/local_setup.bash
[13.777s] -- Installing: /home/sfr2023/leo_ws/install/leo_gz_plugins/share/leo_gz_plugins/local_setup.sh
[13.777s] -- Installing: /home/sfr2023/leo_ws/install/leo_gz_plugins/share/leo_gz_plugins/local_setup.zsh
[13.777s] -- Installing: /home/sfr2023/leo_ws/install/leo_gz_plugins/share/leo_gz_plugins/local_setup.dsv
[13.777s] -- Installing: /home/sfr2023/leo_ws/install/leo_gz_plugins/share/leo_gz_plugins/package.dsv
[13.777s] -- Installing: /home/sfr2023/leo_ws/install/leo_gz_plugins/share/ament_index/resource_index/packages/leo_gz_plugins
[13.777s] -- Installing: /home/sfr2023/leo_ws/install/leo_gz_plugins/share/leo_gz_plugins/cmake/leo_gz_pluginsConfig.cmake
[13.777s] -- Installing: /home/sfr2023/leo_ws/install/leo_gz_plugins/share/leo_gz_plugins/cmake/leo_gz_pluginsConfig-version.cmake
[13.777s] -- Installing: /home/sfr2023/leo_ws/install/leo_gz_plugins/share/leo_gz_plugins/package.xml
[13.778s] Invoked command in '/home/sfr2023/leo_ws/build/leo_gz_plugins' returned '0': CMAKE_PREFIX_PATH=${CMAKE_PREFIX_PATH}:/opt/ros/humble /usr/bin/cmake --install /home/sfr2023/leo_ws/build/leo_gz_plugins
