[0.167s] Invoking command in '/home/sfr2023/leo_ws/build/leo_gz_plugins': CMAKE_PREFIX_PATH=${CMAKE_PREFIX_PATH}:/opt/ros/humble /usr/bin/cmake /home/sfr2023/leo_ws/src/leo_gz_plugins -DCMAKE_INSTALL_PREFIX=/home/sfr2023/leo_ws/install/leo_gz_plugins
[0.359s] -- The C compiler identification is GNU 11.4.0
[0.359s] -- The CXX compiler identification is GNU 11.4.0
[0.359s] -- Detecting C compiler ABI info
[0.359s] -- Detecting C compiler ABI info - done
[0.360s] -- Check for working C compiler: /usr/bin/cc - skipped
[0.360s] -- Detecting C compile features
[0.360s] -- Detecting C compile features - done
[0.360s] -- Detecting CXX compiler ABI info
[0.428s] -- Detecting CXX compiler ABI info - done
[0.437s] -- Check for working CXX compiler: /usr/bin/c++ - skipped
[0.437s] -- Detecting CXX compile features
[0.437s] -- Detecting CXX compile features - done
[0.439s] -- Found ament_cmake: 1.3.10 (/opt/ros/humble/share/ament_cmake/cmake)
[0.603s] -- Found Python3: /usr/bin/python3 (found version "3.10.12") found components: Interpreter 
[0.695s] -- Looking for ignition-plugin1 -- found version 1.4.0
[0.701s] -- Searching for dependencies of ignition-plugin1
[0.701s] -- Searching for <ignition-plugin1> component [register]
[0.703s] -- Looking for ignition-plugin1-register -- found version 1.4.0
[0.704s] -- Searching for dependencies of ignition-plugin1-register
[0.706s] -- Looking for ignition-gazebo6 -- found version 6.16.0
[0.707s] -- Searching for dependencies of ignition-gazebo6
[0.708s] -- Looking for sdformat12 -- found version 12.7.2
[0.709s] -- Searching for dependencies of sdformat12
[0.714s] -- Checking for module 'tinyxml2'
[0.724s] --   Found tinyxml2, version 9.0.0
[0.762s] -- Looking for ignition-math6 -- found version 6.15.1
[0.762s] -- Searching for dependencies of ignition-math6
[0.762s] -- Looking for ignition-utils1 -- found version 1.5.1
[0.762s] -- Searching for dependencies of ignition-utils1
[0.763s] -- Looking for ignition-plugin1 -- found version 1.4.0
[0.763s] -- Searching for dependencies of ignition-plugin1
[0.763s] -- Searching for <ignition-plugin1> component [loader]
[0.765s] -- Looking for ignition-plugin1-loader -- found version 1.4.0
[0.765s] -- Searching for dependencies of ignition-plugin1-loader
[0.766s] -- Searching for <ignition-plugin1> component [register]
[0.768s] -- Looking for ignition-transport11 -- found version 11.4.1
[0.769s] -- Searching for dependencies of ignition-transport11
[0.919s] -- Found Protobuf: /usr/lib/x86_64-linux-gnu/libprotobuf.so (found version "3.12.4") 
[0.928s] -- Config-file not installed for ZeroMQ -- checking for pkg-config
[0.932s] -- Checking for module 'libzmq >= 4'
[0.942s] --   Found libzmq , version 4.3.4
[0.971s] -- Found ZeroMQ: TRUE (Required is at least version "4") 
[0.976s] -- Checking for module 'uuid'
[0.986s] --   Found uuid, version 2.37.2
[1.012s] -- Found UUID: TRUE  
[1.012s] -- Looking for ignition-utils1 -- found version 1.5.1
[1.013s] -- Searching for dependencies of ignition-utils1
[1.013s] -- Searching for <ignition-utils1> component [cli]
[1.015s] -- Looking for ignition-utils1-cli -- found version 1.5.1
[1.015s] -- Searching for dependencies of ignition-utils1-cli
[1.017s] -- Looking for ignition-msgs8 -- found version 8.7.0
[1.018s] -- Searching for dependencies of ignition-msgs8
[1.033s] -- Found Protobuf: /usr/lib/x86_64-linux-gnu/libprotobuf.so (found suitable version "3.12.4", minimum required is "3") 
[1.034s] -- Looking for ignition-math6 -- found version 6.15.1
[1.044s] -- Searching for <ignition-transport11> component [log]
[1.045s] -- Looking for ignition-transport11-log -- found version 11.4.1
[1.045s] -- Searching for dependencies of ignition-transport11-log
[1.045s] -- Searching for <ignition-transport11> component [parameters]
[1.047s] -- Looking for ignition-transport11-parameters -- found version 11.4.1
[1.047s] -- Searching for dependencies of ignition-transport11-parameters
[1.047s] -- Looking for ignition-msgs8 -- found version 8.7.0
[1.049s] -- Looking for ignition-common4 -- found version 4.7.0
[1.049s] -- Searching for dependencies of ignition-common4
[1.049s] -- Looking for dlfcn.h - found
[1.049s] -- Looking for libdl - found
[1.050s] -- Found DL: TRUE  
[1.056s] -- Searching for <ignition-common4> component [profiler]
[1.057s] -- Looking for ignition-common4-profiler -- found version 4.7.0
[1.057s] -- Searching for dependencies of ignition-common4-profiler
[1.057s] -- Searching for <ignition-common4> component [events]
[1.059s] -- Looking for ignition-common4-events -- found version 4.7.0
[1.059s] -- Searching for dependencies of ignition-common4-events
[1.059s] -- Looking for ignition-math6 -- found version 6.15.1
[1.059s] -- Searching for <ignition-common4> component [av]
[1.061s] -- Looking for ignition-common4-av -- found version 4.7.0
[1.061s] -- Searching for dependencies of ignition-common4-av
[1.065s] -- Checking for module 'libswscale'
[1.075s] --   Found libswscale, version 5.9.100
[1.102s] -- Found SWSCALE: TRUE  
[1.106s] -- Checking for module 'libavdevice >= 56.4.100'
[1.115s] --   Found libavdevice , version 58.13.100
[1.147s] -- Found AVDEVICE: TRUE (Required is at least version "56.4.100") 
[1.151s] -- Checking for module 'libavformat'
[1.162s] --   Found libavformat, version 58.76.100
[1.193s] -- Found AVFORMAT: TRUE  
[1.196s] -- Checking for module 'libavcodec'
[1.206s] --   Found libavcodec, version 58.134.100
[1.236s] -- Found AVCODEC: TRUE  
[1.241s] -- Checking for module 'libavutil'
[1.251s] --   Found libavutil, version 56.70.100
[1.283s] -- Found AVUTIL: TRUE  
[1.286s] -- Looking for ignition-fuel_tools7 -- found version 7.3.0
[1.286s] -- Searching for dependencies of ignition-fuel_tools7
[1.364s] -- Found CURL: /usr/lib/x86_64-linux-gnu/libcurl.so (found version "7.81.0")  
[1.373s] -- Checking for module 'jsoncpp'
[1.387s] --   Found jsoncpp, version 1.9.5
[1.425s] -- Found JSONCPP: TRUE  
[1.432s] -- Checking for module 'libzip'
[1.446s] --   Found libzip, version 1.7.3
[1.481s] -- Found ZIP: TRUE  
[1.481s] -- Looking for ignition-common4 -- found version 4.7.0
[1.482s] -- Looking for ignition-math6 -- found version 6.15.1
[1.482s] -- Looking for ignition-msgs8 -- found version 8.7.0
[1.485s] -- Looking for ignition-gui6 -- found version 6.8.0
[1.486s] -- Searching for dependencies of ignition-gui6
[1.513s] -- Looking for ignition-math6 -- found version 6.15.1
[1.514s] -- Looking for ignition-common4 -- found version 4.7.0
[1.514s] -- Looking for ignition-plugin1 -- found version 1.4.0
[1.514s] -- Looking for ignition-transport11 -- found version 11.4.1
[1.517s] -- Looking for ignition-rendering6 -- found version 6.6.3
[1.517s] -- Searching for dependencies of ignition-rendering6
[1.517s] -- Looking for ignition-math6 -- found version 6.15.1
[1.518s] -- Searching for dependencies of ignition-math6
[1.518s] -- Searching for <ignition-math6> component [eigen3]
[1.520s] -- Looking for ignition-math6-eigen3 -- found version 6.15.1
[1.521s] -- Searching for dependencies of ignition-math6-eigen3
[1.529s] -- Looking for ignition-common4 -- found version 4.7.0
[1.529s] -- Searching for dependencies of ignition-common4
[1.529s] -- Looking for dlfcn.h - found
[1.529s] -- Looking for libdl - found
[1.539s] -- Searching for <ignition-common4> component [graphics]
[1.541s] -- Looking for ignition-common4-graphics -- found version 4.7.0
[1.542s] -- Searching for dependencies of ignition-common4-graphics
[1.542s] -- Looking for ignition-math6 -- found version 6.15.1
[1.543s] -- Looking for ignition-utils1 -- found version 1.5.1
[1.543s] -- Searching for <ignition-common4> component [events]
[1.544s] -- Looking for ignition-plugin1 -- found version 1.4.0
[1.545s] -- Searching for dependencies of ignition-plugin1
[1.545s] -- Searching for <ignition-plugin1> component [all]
[1.547s] -- Looking for all libraries of ignition-plugin1 -- found version 1.4.0
[1.547s] -- Looking for ignition-plugin1 -- found version 1.4.0
[1.550s] -- Looking for ignition-msgs8 -- found version 8.7.0
[1.570s] -- Looking for ignition-physics5 -- found version 5.3.2
[1.571s] -- Searching for dependencies of ignition-physics5
[1.571s] -- Looking for ignition-math6 -- found version 6.15.1
[1.571s] -- Looking for ignition-plugin1 -- found version 1.4.0
[1.572s] -- Looking for ignition-utils1 -- found version 1.5.1
[1.573s] -- Searching for <ignition-physics5> component [heightmap]
[1.575s] -- Looking for ignition-physics5-heightmap -- found version 5.3.2
[1.575s] -- Searching for dependencies of ignition-physics5-heightmap
[1.576s] -- Looking for ignition-common4 -- found version 4.7.0
[1.576s] -- Searching for <ignition-physics5> component [mesh]
[1.578s] -- Looking for ignition-physics5-mesh -- found version 5.3.2
[1.579s] -- Searching for dependencies of ignition-physics5-mesh
[1.579s] -- Looking for ignition-common4 -- found version 4.7.0
[1.580s] -- Searching for <ignition-physics5> component [sdf]
[1.582s] -- Looking for ignition-physics5-sdf -- found version 5.3.2
[1.582s] -- Searching for dependencies of ignition-physics5-sdf
[1.582s] -- Looking for sdformat12 -- found version 12.7.2
[1.585s] -- Looking for ignition-sensors6 -- found version 6.8.0
[1.586s] -- Searching for dependencies of ignition-sensors6
[1.604s] -- Found Protobuf: /usr/lib/x86_64-linux-gnu/libprotobuf.so (found version "3.12.4") 
[1.605s] -- Looking for ignition-math6 -- found version 6.15.1
[1.605s] -- Looking for ignition-common4 -- found version 4.7.0
[1.605s] -- Looking for ignition-transport11 -- found version 11.4.1
[1.606s] -- Looking for ignition-rendering6 -- found version 6.6.3
[1.606s] -- Looking for ignition-msgs8 -- found version 8.7.0
[1.607s] -- Looking for sdformat12 -- found version 12.7.2
[1.607s] -- Searching for <ignition-sensors6> component [air_pressure]
[1.610s] -- Looking for ignition-sensors6-air_pressure -- found version 6.8.0
[1.610s] -- Searching for dependencies of ignition-sensors6-air_pressure
[1.611s] -- Searching for <ignition-sensors6> component [altimeter]
[1.613s] -- Looking for ignition-sensors6-altimeter -- found version 6.8.0
[1.613s] -- Searching for dependencies of ignition-sensors6-altimeter
[1.614s] -- Searching for <ignition-sensors6> component [imu]
[1.616s] -- Looking for ignition-sensors6-imu -- found version 6.8.0
[1.616s] -- Searching for dependencies of ignition-sensors6-imu
[1.617s] -- Searching for <ignition-sensors6> component [force_torque]
[1.619s] -- Looking for ignition-sensors6-force_torque -- found version 6.8.0
[1.619s] -- Searching for dependencies of ignition-sensors6-force_torque
[1.620s] -- Searching for <ignition-sensors6> component [logical_camera]
[1.622s] -- Looking for ignition-sensors6-logical_camera -- found version 6.8.0
[1.622s] -- Searching for dependencies of ignition-sensors6-logical_camera
[1.623s] -- Searching for <ignition-sensors6> component [magnetometer]
[1.625s] -- Looking for ignition-sensors6-magnetometer -- found version 6.8.0
[1.626s] -- Searching for dependencies of ignition-sensors6-magnetometer
[1.626s] -- Searching for <ignition-sensors6> component [navsat]
[1.628s] -- Looking for ignition-sensors6-navsat -- found version 6.8.0
[1.629s] -- Searching for dependencies of ignition-sensors6-navsat
[1.629s] -- Searching for <ignition-sensors6> component [rendering]
[1.631s] -- Looking for ignition-sensors6-rendering -- found version 6.8.0
[1.632s] -- Searching for dependencies of ignition-sensors6-rendering
[1.632s] -- Searching for <ignition-sensors6> component [lidar]
[1.635s] -- Looking for ignition-sensors6-lidar -- found version 6.8.0
[1.635s] -- Searching for dependencies of ignition-sensors6-lidar
[1.635s] -- Looking for ignition-sensors6 -- found version 6.8.0
[1.636s] -- Searching for <ignition-sensors6> component [gpu_lidar]
[1.638s] -- Looking for ignition-sensors6-gpu_lidar -- found version 6.8.0
[1.639s] -- Searching for dependencies of ignition-sensors6-gpu_lidar
[1.639s] -- Looking for ignition-sensors6 -- found version 6.8.0
[1.640s] -- Searching for <ignition-sensors6> component [camera]
[1.642s] -- Looking for ignition-sensors6-camera -- found version 6.8.0
[1.642s] -- Searching for dependencies of ignition-sensors6-camera
[1.643s] -- Looking for ignition-sensors6 -- found version 6.8.0
[1.643s] -- Searching for <ignition-sensors6> component [boundingbox_camera]
[1.646s] -- Looking for ignition-sensors6-boundingbox_camera -- found version 6.8.0
[1.646s] -- Searching for dependencies of ignition-sensors6-boundingbox_camera
[1.647s] -- Searching for <ignition-sensors6> component [segmentation_camera]
[1.649s] -- Looking for ignition-sensors6-segmentation_camera -- found version 6.8.0
[1.649s] -- Searching for dependencies of ignition-sensors6-segmentation_camera
[1.650s] -- Searching for <ignition-sensors6> component [depth_camera]
[1.652s] -- Looking for ignition-sensors6-depth_camera -- found version 6.8.0
[1.653s] -- Searching for dependencies of ignition-sensors6-depth_camera
[1.653s] -- Looking for ignition-sensors6 -- found version 6.8.0
[1.654s] -- Searching for <ignition-sensors6> component [rgbd_camera]
[1.656s] -- Looking for ignition-sensors6-rgbd_camera -- found version 6.8.0
[1.656s] -- Searching for dependencies of ignition-sensors6-rgbd_camera
[1.657s] -- Looking for ignition-sensors6 -- found version 6.8.0
[1.657s] -- Searching for <ignition-sensors6> component [thermal_camera]
[1.660s] -- Looking for ignition-sensors6-thermal_camera -- found version 6.8.0
[1.660s] -- Searching for dependencies of ignition-sensors6-thermal_camera
[1.660s] -- Looking for ignition-sensors6 -- found version 6.8.0
[1.662s] -- Looking for ignition-rendering6 -- found version 6.6.3
[1.662s] -- Looking for ignition-math6 -- found version 6.15.1
[1.665s] -- Looking for ignition-utils1 -- found version 1.5.1
[1.687s] -- Found ament_lint_auto: 0.12.11 (/opt/ros/humble/share/ament_lint_auto/cmake)
[1.779s] -- Added test 'copyright' to check source files copyright and LICENSE
[1.780s] -- Added test 'cpplint' to check C / C++ code against the Google style
[1.780s] -- Configured cpplint exclude dirs and/or files: 
[1.781s] -- Added test 'lint_cmake' to check CMake code style
[1.781s] -- Added test 'uncrustify' to check C / C++ code style
[1.781s] -- Configured uncrustify additional arguments: 
[1.782s] -- Added test 'xmllint' to check XML markup files
[1.783s] -- Configuring done
[1.793s] -- Generating done
[1.794s] -- Build files have been written to: /home/sfr2023/leo_ws/build/leo_gz_plugins
[1.808s] Invoked command in '/home/sfr2023/leo_ws/build/leo_gz_plugins' returned '0': CMAKE_PREFIX_PATH=${CMAKE_PREFIX_PATH}:/opt/ros/humble /usr/bin/cmake /home/sfr2023/leo_ws/src/leo_gz_plugins -DCMAKE_INSTALL_PREFIX=/home/sfr2023/leo_ws/install/leo_gz_plugins
[1.809s] Invoking command in '/home/sfr2023/leo_ws/build/leo_gz_plugins': CMAKE_PREFIX_PATH=${CMAKE_PREFIX_PATH}:/opt/ros/humble /usr/bin/cmake --build /home/sfr2023/leo_ws/build/leo_gz_plugins -- -j12 -l12
[1.865s] [ 50%] Building CXX object CMakeFiles/leo_gz_differential_plugin.dir/src/differential_system.cpp.o
[12.781s] [100%] Linking CXX shared library libleo_gz_differential_plugin.so
[13.268s] [100%] Built target leo_gz_differential_plugin
[13.280s] Invoked command in '/home/sfr2023/leo_ws/build/leo_gz_plugins' returned '0': CMAKE_PREFIX_PATH=${CMAKE_PREFIX_PATH}:/opt/ros/humble /usr/bin/cmake --build /home/sfr2023/leo_ws/build/leo_gz_plugins -- -j12 -l12
[13.308s] Invoking command in '/home/sfr2023/leo_ws/build/leo_gz_plugins': CMAKE_PREFIX_PATH=${CMAKE_PREFIX_PATH}:/opt/ros/humble /usr/bin/cmake --install /home/sfr2023/leo_ws/build/leo_gz_plugins
[13.315s] -- Install configuration: ""
[13.315s] -- Installing: /home/sfr2023/leo_ws/install/leo_gz_plugins/lib/libleo_gz_differential_plugin.so
[13.323s] -- Installing: /home/sfr2023/leo_ws/install/leo_gz_plugins/share/leo_gz_plugins/environment/gz_sim_system_plugin_path.sh
[13.323s] -- Installing: /home/sfr2023/leo_ws/install/leo_gz_plugins/share/leo_gz_plugins/environment/gz_sim_system_plugin_path.dsv
[13.323s] -- Installing: /home/sfr2023/leo_ws/install/leo_gz_plugins/share/ament_index/resource_index/package_run_dependencies/leo_gz_plugins
[13.323s] -- Installing: /home/sfr2023/leo_ws/install/leo_gz_plugins/share/ament_index/resource_index/parent_prefix_path/leo_gz_plugins
[13.323s] -- Installing: /home/sfr2023/leo_ws/install/leo_gz_plugins/share/leo_gz_plugins/environment/ament_prefix_path.sh
[13.323s] -- Installing: /home/sfr2023/leo_ws/install/leo_gz_plugins/share/leo_gz_plugins/environment/ament_prefix_path.dsv
[13.323s] -- Installing: /home/sfr2023/leo_ws/install/leo_gz_plugins/share/leo_gz_plugins/environment/path.sh
[13.323s] -- Installing: /home/sfr2023/leo_ws/install/leo_gz_plugins/share/leo_gz_plugins/environment/path.dsv
[13.324s] -- Installing: /home/sfr2023/leo_ws/install/leo_gz_plugins/share/leo_gz_plugins/local_setup.bash
[13.324s] -- Installing: /home/sfr2023/leo_ws/install/leo_gz_plugins/share/leo_gz_plugins/local_setup.sh
[13.324s] -- Installing: /home/sfr2023/leo_ws/install/leo_gz_plugins/share/leo_gz_plugins/local_setup.zsh
[13.324s] -- Installing: /home/sfr2023/leo_ws/install/leo_gz_plugins/share/leo_gz_plugins/local_setup.dsv
[13.324s] -- Installing: /home/sfr2023/leo_ws/install/leo_gz_plugins/share/leo_gz_plugins/package.dsv
[13.324s] -- Installing: /home/sfr2023/leo_ws/install/leo_gz_plugins/share/ament_index/resource_index/packages/leo_gz_plugins
[13.324s] -- Installing: /home/sfr2023/leo_ws/install/leo_gz_plugins/share/leo_gz_plugins/cmake/leo_gz_pluginsConfig.cmake
[13.324s] -- Installing: /home/sfr2023/leo_ws/install/leo_gz_plugins/share/leo_gz_plugins/cmake/leo_gz_pluginsConfig-version.cmake
[13.324s] -- Installing: /home/sfr2023/leo_ws/install/leo_gz_plugins/share/leo_gz_plugins/package.xml
[13.326s] Invoked command in '/home/sfr2023/leo_ws/build/leo_gz_plugins' returned '0': CMAKE_PREFIX_PATH=${CMAKE_PREFIX_PATH}:/opt/ros/humble /usr/bin/cmake --install /home/sfr2023/leo_ws/build/leo_gz_plugins
