[0.604s] Invoking command in '/home/sfr2023/leo_ws/src/leo_description': PYTHONPATH=/home/sfr2023/leo_ws/build/leo_description/prefix_override:/usr/lib/python3/dist-packages/colcon_core/task/python/colcon_distutils_commands:/home/sfr2023/leo_ws/install/leo_description/lib/python3.10/site-packages:${PYTHONPATH} /usr/bin/python3 -W ignore:setup.py install is deprecated setup.py egg_info --egg-base ../../build/leo_description build --build-base /home/sfr2023/leo_ws/build/leo_description/build install --record /home/sfr2023/leo_ws/build/leo_description/install.log --single-version-externally-managed install_data
[0.740s] running egg_info
[0.740s] creating ../../build/leo_description/leo_description.egg-info
[0.740s] writing ../../build/leo_description/leo_description.egg-info/PKG-INFO
[0.740s] writing dependency_links to ../../build/leo_description/leo_description.egg-info/dependency_links.txt
[0.740s] writing entry points to ../../build/leo_description/leo_description.egg-info/entry_points.txt
[0.740s] writing requirements to ../../build/leo_description/leo_description.egg-info/requires.txt
[0.740s] writing top-level names to ../../build/leo_description/leo_description.egg-info/top_level.txt
[0.740s] writing manifest file '../../build/leo_description/leo_description.egg-info/SOURCES.txt'
[0.741s] reading manifest file '../../build/leo_description/leo_description.egg-info/SOURCES.txt'
[0.742s] writing manifest file '../../build/leo_description/leo_description.egg-info/SOURCES.txt'
[0.742s] running build
[0.742s] running build_py
[0.742s] creating /home/sfr2023/leo_ws/build/leo_description/build
[0.742s] creating /home/sfr2023/leo_ws/build/leo_description/build/lib
[0.742s] creating /home/sfr2023/leo_ws/build/leo_description/build/lib/leo_description
[0.743s] copying leo_description/__init__.py -> /home/sfr2023/leo_ws/build/leo_description/build/lib/leo_description
[0.743s] running install
[0.743s] running install_lib
[0.743s] creating /home/sfr2023/leo_ws/install/leo_description/lib/python3.10/site-packages/leo_description
[0.743s] copying /home/sfr2023/leo_ws/build/leo_description/build/lib/leo_description/__init__.py -> /home/sfr2023/leo_ws/install/leo_description/lib/python3.10/site-packages/leo_description
[0.743s] byte-compiling /home/sfr2023/leo_ws/install/leo_description/lib/python3.10/site-packages/leo_description/__init__.py to __init__.cpython-310.pyc
[0.744s] running install_data
[0.744s] creating /home/sfr2023/leo_ws/install/leo_description/share/ament_index
[0.744s] creating /home/sfr2023/leo_ws/install/leo_description/share/ament_index/resource_index
[0.744s] creating /home/sfr2023/leo_ws/install/leo_description/share/ament_index/resource_index/packages
[0.744s] copying resource/leo_description -> /home/sfr2023/leo_ws/install/leo_description/share/ament_index/resource_index/packages
[0.744s] copying package.xml -> /home/sfr2023/leo_ws/install/leo_description/share/leo_description
[0.744s] creating /home/sfr2023/leo_ws/install/leo_description/share/leo_description/launch
[0.744s] copying launch/leo_rviz.launch.py -> /home/sfr2023/leo_ws/install/leo_description/share/leo_description/launch
[0.747s] copying launch/leo_sim.launch.py -> /home/sfr2023/leo_ws/install/leo_description/share/leo_description/launch
[0.747s] creating /home/sfr2023/leo_ws/install/leo_description/share/leo_description/models
[0.747s] copying models/Chassis.dae -> /home/sfr2023/leo_ws/install/leo_description/share/leo_description/models
[0.764s] copying models/WheelB.dae -> /home/sfr2023/leo_ws/install/leo_description/share/leo_description/models
[0.769s] copying models/WheelA.dae -> /home/sfr2023/leo_ws/install/leo_description/share/leo_description/models
[0.773s] copying models/Wheel_outline.stl -> /home/sfr2023/leo_ws/install/leo_description/share/leo_description/models
[0.773s] copying models/Antenna.dae -> /home/sfr2023/leo_ws/install/leo_description/share/leo_description/models
[0.774s] copying models/Rocker_outline.stl -> /home/sfr2023/leo_ws/install/leo_description/share/leo_description/models
[0.775s] copying models/Rocker.dae -> /home/sfr2023/leo_ws/install/leo_description/share/leo_description/models
[0.780s] copying models/Chassis_outline.stl -> /home/sfr2023/leo_ws/install/leo_description/share/leo_description/models
[0.780s] creating /home/sfr2023/leo_ws/install/leo_description/share/leo_description/urdf
[0.780s] copying urdf/leo.urdf.xacro -> /home/sfr2023/leo_ws/install/leo_description/share/leo_description/urdf
[0.781s] copying urdf/leo_proper.gazebo.xacro -> /home/sfr2023/leo_ws/install/leo_description/share/leo_description/urdf
[0.781s] copying urdf/leo.gazebo.xacro -> /home/sfr2023/leo_ws/install/leo_description/share/leo_description/urdf
[0.781s] creating /home/sfr2023/leo_ws/install/leo_description/share/leo_description/rviz
[0.781s] copying rviz/nav2.rviz -> /home/sfr2023/leo_ws/install/leo_description/share/leo_description/rviz
[0.781s] copying rviz/leo_view.rviz -> /home/sfr2023/leo_ws/install/leo_description/share/leo_description/rviz
[0.782s] creating /home/sfr2023/leo_ws/install/leo_description/share/leo_description/worlds
[0.782s] copying worlds/meshes/hexagon.dae -> /home/sfr2023/leo_ws/install/leo_description/share/leo_description/worlds
[0.782s] copying worlds/meshes/wall.dae -> /home/sfr2023/leo_ws/install/leo_description/share/leo_description/worlds
[0.782s] copying worlds/tb3old.sdf -> /home/sfr2023/leo_ws/install/leo_description/share/leo_description/worlds
[0.782s] copying worlds/tb3.sdf -> /home/sfr2023/leo_ws/install/leo_description/share/leo_description/worlds
[0.782s] creating /home/sfr2023/leo_ws/install/leo_description/share/leo_description/config
[0.782s] creating /home/sfr2023/leo_ws/install/leo_description/share/leo_description/maps
[0.782s] running install_egg_info
[0.785s] Copying ../../build/leo_description/leo_description.egg-info to /home/sfr2023/leo_ws/install/leo_description/lib/python3.10/site-packages/leo_description-0.0.0-py3.10.egg-info
[0.785s] running install_scripts
[0.809s] writing list of installed files to '/home/sfr2023/leo_ws/build/leo_description/install.log'
[0.835s] Invoked command in '/home/sfr2023/leo_ws/src/leo_description' returned '0': PYTHONPATH=/home/sfr2023/leo_ws/build/leo_description/prefix_override:/usr/lib/python3/dist-packages/colcon_core/task/python/colcon_distutils_commands:/home/sfr2023/leo_ws/install/leo_description/lib/python3.10/site-packages:${PYTHONPATH} /usr/bin/python3 -W ignore:setup.py install is deprecated setup.py egg_info --egg-base ../../build/leo_description build --build-base /home/sfr2023/leo_ws/build/leo_description/build install --record /home/sfr2023/leo_ws/build/leo_description/install.log --single-version-externally-managed install_data
