[0.163s] Invoking command in '/home/sfr2023/leo_ws/build/leo_gz_plugins': CMAKE_PREFIX_PATH=${CMAKE_PREFIX_PATH}:/opt/ros/humble /usr/bin/cmake /home/sfr2023/leo_ws/src/leo_gz_plugins -DCMAKE_INSTALL_PREFIX=/home/sfr2023/leo_ws/install/leo_gz_plugins
[0.321s] -- The C compiler identification is GNU 11.4.0
[0.321s] -- The CXX compiler identification is GNU 11.4.0
[0.321s] -- Detecting C compiler ABI info
[0.335s] -- Detecting C compiler ABI info - done
[0.344s] -- Check for working C compiler: /usr/bin/cc - skipped
[0.344s] -- Detecting C compile features
[0.344s] -- Detecting C compile features - done
[0.347s] -- Detecting CXX compiler ABI info
[0.433s] -- Detecting CXX compiler ABI info - done
[0.442s] -- Check for working CXX compiler: /usr/bin/c++ - skipped
[0.443s] -- Detecting CXX compile features
[0.443s] -- Detecting CXX compile features - done
[0.445s] -- Found ament_cmake: 1.3.10 (/opt/ros/humble/share/ament_cmake/cmake)
[0.599s] -- Found Python3: /usr/bin/python3 (found version "3.10.12") found components: Interpreter 
[0.664s] -- Looking for ignition-plugin1 -- found version 1.4.0
[0.670s] -- Searching for dependencies of ignition-plugin1
[0.671s] -- Searching for <ignition-plugin1> component [register]
[0.672s] -- Looking for ignition-plugin1-register -- found version 1.4.0
[0.673s] -- Searching for dependencies of ignition-plugin1-register
[0.674s] -- Looking for ignition-gazebo6 -- found version 6.16.0
[0.675s] -- Searching for dependencies of ignition-gazebo6
[0.676s] -- Looking for sdformat12 -- found version 12.7.2
[0.676s] -- Searching for dependencies of sdformat12
[0.681s] -- Checking for module 'tinyxml2'
[0.693s] --   Found tinyxml2, version 9.0.0
[0.742s] -- Looking for ignition-math6 -- found version 6.15.1
[0.743s] -- Searching for dependencies of ignition-math6
[0.746s] -- Looking for ignition-utils1 -- found version 1.5.1
[0.746s] -- Searching for dependencies of ignition-utils1
[0.747s] -- Looking for ignition-plugin1 -- found version 1.4.0
[0.748s] -- Searching for dependencies of ignition-plugin1
[0.748s] -- Searching for <ignition-plugin1> component [loader]
[0.751s] -- Looking for ignition-plugin1-loader -- found version 1.4.0
[0.751s] -- Searching for dependencies of ignition-plugin1-loader
[0.751s] -- Searching for <ignition-plugin1> component [register]
[0.753s] -- Looking for ignition-transport11 -- found version 11.4.1
[0.754s] -- Searching for dependencies of ignition-transport11
[0.915s] -- Found Protobuf: /usr/lib/x86_64-linux-gnu/libprotobuf.so (found version "3.12.4") 
[0.923s] -- Config-file not installed for ZeroMQ -- checking for pkg-config
[0.926s] -- Checking for module 'libzmq >= 4'
[0.937s] --   Found libzmq , version 4.3.4
[0.963s] -- Found ZeroMQ: TRUE (Required is at least version "4") 
[0.967s] -- Checking for module 'uuid'
[0.976s] --   Found uuid, version 2.37.2
[1.001s] -- Found UUID: TRUE  
[1.002s] -- Looking for ignition-utils1 -- found version 1.5.1
[1.002s] -- Searching for dependencies of ignition-utils1
[1.002s] -- Searching for <ignition-utils1> component [cli]
[1.004s] -- Looking for ignition-utils1-cli -- found version 1.5.1
[1.005s] -- Searching for dependencies of ignition-utils1-cli
[1.008s] -- Looking for ignition-msgs8 -- found version 8.7.0
[1.008s] -- Searching for dependencies of ignition-msgs8
[1.028s] -- Found Protobuf: /usr/lib/x86_64-linux-gnu/libprotobuf.so (found suitable version "3.12.4", minimum required is "3") 
[1.029s] -- Looking for ignition-math6 -- found version 6.15.1
[1.042s] -- Searching for <ignition-transport11> component [log]
[1.044s] -- Looking for ignition-transport11-log -- found version 11.4.1
[1.044s] -- Searching for dependencies of ignition-transport11-log
[1.044s] -- Searching for <ignition-transport11> component [parameters]
[1.046s] -- Looking for ignition-transport11-parameters -- found version 11.4.1
[1.047s] -- Searching for dependencies of ignition-transport11-parameters
[1.048s] -- Looking for ignition-msgs8 -- found version 8.7.0
[1.050s] -- Looking for ignition-common4 -- found version 4.7.0
[1.051s] -- Searching for dependencies of ignition-common4
[1.051s] -- Looking for dlfcn.h - found
[1.052s] -- Looking for libdl - found
[1.053s] -- Found DL: TRUE  
[1.061s] -- Searching for <ignition-common4> component [profiler]
[1.062s] -- Looking for ignition-common4-profiler -- found version 4.7.0
[1.062s] -- Searching for dependencies of ignition-common4-profiler
[1.062s] -- Searching for <ignition-common4> component [events]
[1.064s] -- Looking for ignition-common4-events -- found version 4.7.0
[1.064s] -- Searching for dependencies of ignition-common4-events
[1.064s] -- Looking for ignition-math6 -- found version 6.15.1
[1.064s] -- Searching for <ignition-common4> component [av]
[1.066s] -- Looking for ignition-common4-av -- found version 4.7.0
[1.066s] -- Searching for dependencies of ignition-common4-av
[1.070s] -- Checking for module 'libswscale'
[1.079s] --   Found libswscale, version 5.9.100
[1.106s] -- Found SWSCALE: TRUE  
[1.110s] -- Checking for module 'libavdevice >= 56.4.100'
[1.123s] --   Found libavdevice , version 58.13.100
[1.153s] -- Found AVDEVICE: TRUE (Required is at least version "56.4.100") 
[1.157s] -- Checking for module 'libavformat'
[1.166s] --   Found libavformat, version 58.76.100
[1.197s] -- Found AVFORMAT: TRUE  
[1.202s] -- Checking for module 'libavcodec'
[1.213s] --   Found libavcodec, version 58.134.100
[1.239s] -- Found AVCODEC: TRUE  
[1.244s] -- Checking for module 'libavutil'
[1.254s] --   Found libavutil, version 56.70.100
[1.278s] -- Found AVUTIL: TRUE  
[1.279s] -- Looking for ignition-fuel_tools7 -- found version 7.3.0
[1.280s] -- Searching for dependencies of ignition-fuel_tools7
[1.342s] -- Found CURL: /usr/lib/x86_64-linux-gnu/libcurl.so (found version "7.81.0")  
[1.347s] -- Checking for module 'jsoncpp'
[1.358s] --   Found jsoncpp, version 1.9.5
[1.390s] -- Found JSONCPP: TRUE  
[1.396s] -- Checking for module 'libzip'
[1.407s] --   Found libzip, version 1.7.3
[1.439s] -- Found ZIP: TRUE  
[1.439s] -- Looking for ignition-common4 -- found version 4.7.0
[1.440s] -- Looking for ignition-math6 -- found version 6.15.1
[1.440s] -- Looking for ignition-msgs8 -- found version 8.7.0
[1.443s] -- Looking for ignition-gui6 -- found version 6.8.0
[1.444s] -- Searching for dependencies of ignition-gui6
[1.468s] -- Looking for ignition-math6 -- found version 6.15.1
[1.468s] -- Looking for ignition-common4 -- found version 4.7.0
[1.469s] -- Looking for ignition-plugin1 -- found version 1.4.0
[1.469s] -- Looking for ignition-transport11 -- found version 11.4.1
[1.471s] -- Looking for ignition-rendering6 -- found version 6.6.3
[1.471s] -- Searching for dependencies of ignition-rendering6
[1.471s] -- Looking for ignition-math6 -- found version 6.15.1
[1.472s] -- Searching for dependencies of ignition-math6
[1.472s] -- Searching for <ignition-math6> component [eigen3]
[1.473s] -- Looking for ignition-math6-eigen3 -- found version 6.15.1
[1.473s] -- Searching for dependencies of ignition-math6-eigen3
[1.479s] -- Looking for ignition-common4 -- found version 4.7.0
[1.479s] -- Searching for dependencies of ignition-common4
[1.480s] -- Looking for dlfcn.h - found
[1.480s] -- Looking for libdl - found
[1.487s] -- Searching for <ignition-common4> component [graphics]
[1.489s] -- Looking for ignition-common4-graphics -- found version 4.7.0
[1.489s] -- Searching for dependencies of ignition-common4-graphics
[1.489s] -- Looking for ignition-math6 -- found version 6.15.1
[1.490s] -- Looking for ignition-utils1 -- found version 1.5.1
[1.490s] -- Searching for <ignition-common4> component [events]
[1.491s] -- Looking for ignition-plugin1 -- found version 1.4.0
[1.491s] -- Searching for dependencies of ignition-plugin1
[1.491s] -- Searching for <ignition-plugin1> component [all]
[1.493s] -- Looking for all libraries of ignition-plugin1 -- found version 1.4.0
[1.493s] -- Looking for ignition-plugin1 -- found version 1.4.0
[1.494s] -- Looking for ignition-msgs8 -- found version 8.7.0
[1.509s] -- Looking for ignition-physics5 -- found version 5.3.2
[1.509s] -- Searching for dependencies of ignition-physics5
[1.509s] -- Looking for ignition-math6 -- found version 6.15.1
[1.509s] -- Looking for ignition-plugin1 -- found version 1.4.0
[1.510s] -- Looking for ignition-utils1 -- found version 1.5.1
[1.511s] -- Searching for <ignition-physics5> component [heightmap]
[1.512s] -- Looking for ignition-physics5-heightmap -- found version 5.3.2
[1.512s] -- Searching for dependencies of ignition-physics5-heightmap
[1.512s] -- Looking for ignition-common4 -- found version 4.7.0
[1.513s] -- Searching for <ignition-physics5> component [mesh]
[1.514s] -- Looking for ignition-physics5-mesh -- found version 5.3.2
[1.514s] -- Searching for dependencies of ignition-physics5-mesh
[1.515s] -- Looking for ignition-common4 -- found version 4.7.0
[1.515s] -- Searching for <ignition-physics5> component [sdf]
[1.516s] -- Looking for ignition-physics5-sdf -- found version 5.3.2
[1.517s] -- Searching for dependencies of ignition-physics5-sdf
[1.517s] -- Looking for sdformat12 -- found version 12.7.2
[1.519s] -- Looking for ignition-sensors6 -- found version 6.8.0
[1.519s] -- Searching for dependencies of ignition-sensors6
[1.534s] -- Found Protobuf: /usr/lib/x86_64-linux-gnu/libprotobuf.so (found version "3.12.4") 
[1.535s] -- Looking for ignition-math6 -- found version 6.15.1
[1.535s] -- Looking for ignition-common4 -- found version 4.7.0
[1.536s] -- Looking for ignition-transport11 -- found version 11.4.1
[1.536s] -- Looking for ignition-rendering6 -- found version 6.6.3
[1.537s] -- Looking for ignition-msgs8 -- found version 8.7.0
[1.537s] -- Looking for sdformat12 -- found version 12.7.2
[1.538s] -- Searching for <ignition-sensors6> component [air_pressure]
[1.540s] -- Looking for ignition-sensors6-air_pressure -- found version 6.8.0
[1.541s] -- Searching for dependencies of ignition-sensors6-air_pressure
[1.541s] -- Searching for <ignition-sensors6> component [altimeter]
[1.543s] -- Looking for ignition-sensors6-altimeter -- found version 6.8.0
[1.544s] -- Searching for dependencies of ignition-sensors6-altimeter
[1.544s] -- Searching for <ignition-sensors6> component [imu]
[1.546s] -- Looking for ignition-sensors6-imu -- found version 6.8.0
[1.547s] -- Searching for dependencies of ignition-sensors6-imu
[1.547s] -- Searching for <ignition-sensors6> component [force_torque]
[1.549s] -- Looking for ignition-sensors6-force_torque -- found version 6.8.0
[1.550s] -- Searching for dependencies of ignition-sensors6-force_torque
[1.551s] -- Searching for <ignition-sensors6> component [logical_camera]
[1.553s] -- Looking for ignition-sensors6-logical_camera -- found version 6.8.0
[1.553s] -- Searching for dependencies of ignition-sensors6-logical_camera
[1.554s] -- Searching for <ignition-sensors6> component [magnetometer]
[1.556s] -- Looking for ignition-sensors6-magnetometer -- found version 6.8.0
[1.556s] -- Searching for dependencies of ignition-sensors6-magnetometer
[1.557s] -- Searching for <ignition-sensors6> component [navsat]
[1.559s] -- Looking for ignition-sensors6-navsat -- found version 6.8.0
[1.560s] -- Searching for dependencies of ignition-sensors6-navsat
[1.560s] -- Searching for <ignition-sensors6> component [rendering]
[1.563s] -- Looking for ignition-sensors6-rendering -- found version 6.8.0
[1.563s] -- Searching for dependencies of ignition-sensors6-rendering
[1.564s] -- Searching for <ignition-sensors6> component [lidar]
[1.566s] -- Looking for ignition-sensors6-lidar -- found version 6.8.0
[1.566s] -- Searching for dependencies of ignition-sensors6-lidar
[1.567s] -- Looking for ignition-sensors6 -- found version 6.8.0
[1.567s] -- Searching for <ignition-sensors6> component [gpu_lidar]
[1.570s] -- Looking for ignition-sensors6-gpu_lidar -- found version 6.8.0
[1.570s] -- Searching for dependencies of ignition-sensors6-gpu_lidar
[1.571s] -- Looking for ignition-sensors6 -- found version 6.8.0
[1.571s] -- Searching for <ignition-sensors6> component [camera]
[1.573s] -- Looking for ignition-sensors6-camera -- found version 6.8.0
[1.574s] -- Searching for dependencies of ignition-sensors6-camera
[1.574s] -- Looking for ignition-sensors6 -- found version 6.8.0
[1.575s] -- Searching for <ignition-sensors6> component [boundingbox_camera]
[1.577s] -- Looking for ignition-sensors6-boundingbox_camera -- found version 6.8.0
[1.578s] -- Searching for dependencies of ignition-sensors6-boundingbox_camera
[1.578s] -- Searching for <ignition-sensors6> component [segmentation_camera]
[1.580s] -- Looking for ignition-sensors6-segmentation_camera -- found version 6.8.0
[1.581s] -- Searching for dependencies of ignition-sensors6-segmentation_camera
[1.581s] -- Searching for <ignition-sensors6> component [depth_camera]
[1.583s] -- Looking for ignition-sensors6-depth_camera -- found version 6.8.0
[1.584s] -- Searching for dependencies of ignition-sensors6-depth_camera
[1.584s] -- Looking for ignition-sensors6 -- found version 6.8.0
[1.585s] -- Searching for <ignition-sensors6> component [rgbd_camera]
[1.587s] -- Looking for ignition-sensors6-rgbd_camera -- found version 6.8.0
[1.588s] -- Searching for dependencies of ignition-sensors6-rgbd_camera
[1.588s] -- Looking for ignition-sensors6 -- found version 6.8.0
[1.589s] -- Searching for <ignition-sensors6> component [thermal_camera]
[1.591s] -- Looking for ignition-sensors6-thermal_camera -- found version 6.8.0
[1.592s] -- Searching for dependencies of ignition-sensors6-thermal_camera
[1.592s] -- Looking for ignition-sensors6 -- found version 6.8.0
[1.593s] -- Looking for ignition-rendering6 -- found version 6.6.3
[1.593s] -- Looking for ignition-math6 -- found version 6.15.1
[1.596s] -- Looking for ignition-utils1 -- found version 1.5.1
[1.619s] -- Found ament_lint_auto: 0.12.11 (/opt/ros/humble/share/ament_lint_auto/cmake)
[1.718s] -- Added test 'copyright' to check source files copyright and LICENSE
[1.719s] -- Added test 'cpplint' to check C / C++ code against the Google style
[1.719s] -- Configured cpplint exclude dirs and/or files: 
[1.720s] -- Added test 'lint_cmake' to check CMake code style
[1.721s] -- Added test 'uncrustify' to check C / C++ code style
[1.721s] -- Configured uncrustify additional arguments: 
[1.722s] -- Added test 'xmllint' to check XML markup files
[1.723s] -- Configuring done
[1.733s] -- Generating done
[1.736s] -- Build files have been written to: /home/sfr2023/leo_ws/build/leo_gz_plugins
[1.756s] Invoked command in '/home/sfr2023/leo_ws/build/leo_gz_plugins' returned '0': CMAKE_PREFIX_PATH=${CMAKE_PREFIX_PATH}:/opt/ros/humble /usr/bin/cmake /home/sfr2023/leo_ws/src/leo_gz_plugins -DCMAKE_INSTALL_PREFIX=/home/sfr2023/leo_ws/install/leo_gz_plugins
[1.756s] Invoking command in '/home/sfr2023/leo_ws/build/leo_gz_plugins': CMAKE_PREFIX_PATH=${CMAKE_PREFIX_PATH}:/opt/ros/humble /usr/bin/cmake --build /home/sfr2023/leo_ws/build/leo_gz_plugins -- -j12 -l12
[1.825s] [ 50%] Building CXX object CMakeFiles/leo_gz_differential_plugin.dir/src/differential_system.cpp.o
[13.621s] [100%] Linking CXX shared library libleo_gz_differential_plugin.so
[14.133s] [100%] Built target leo_gz_differential_plugin
[14.142s] Invoked command in '/home/sfr2023/leo_ws/build/leo_gz_plugins' returned '0': CMAKE_PREFIX_PATH=${CMAKE_PREFIX_PATH}:/opt/ros/humble /usr/bin/cmake --build /home/sfr2023/leo_ws/build/leo_gz_plugins -- -j12 -l12
[14.175s] Invoking command in '/home/sfr2023/leo_ws/build/leo_gz_plugins': CMAKE_PREFIX_PATH=${CMAKE_PREFIX_PATH}:/opt/ros/humble /usr/bin/cmake --install /home/sfr2023/leo_ws/build/leo_gz_plugins
[14.182s] -- Install configuration: ""
[14.182s] -- Installing: /home/sfr2023/leo_ws/install/leo_gz_plugins/lib/libleo_gz_differential_plugin.so
[14.187s] -- Installing: /home/sfr2023/leo_ws/install/leo_gz_plugins/share/leo_gz_plugins/environment/gz_sim_system_plugin_path.sh
[14.188s] -- Installing: /home/sfr2023/leo_ws/install/leo_gz_plugins/share/leo_gz_plugins/environment/gz_sim_system_plugin_path.dsv
[14.188s] -- Installing: /home/sfr2023/leo_ws/install/leo_gz_plugins/share/ament_index/resource_index/package_run_dependencies/leo_gz_plugins
[14.188s] -- Installing: /home/sfr2023/leo_ws/install/leo_gz_plugins/share/ament_index/resource_index/parent_prefix_path/leo_gz_plugins
[14.188s] -- Installing: /home/sfr2023/leo_ws/install/leo_gz_plugins/share/leo_gz_plugins/environment/ament_prefix_path.sh
[14.188s] -- Installing: /home/sfr2023/leo_ws/install/leo_gz_plugins/share/leo_gz_plugins/environment/ament_prefix_path.dsv
[14.188s] -- Installing: /home/sfr2023/leo_ws/install/leo_gz_plugins/share/leo_gz_plugins/environment/path.sh
[14.188s] -- Installing: /home/sfr2023/leo_ws/install/leo_gz_plugins/share/leo_gz_plugins/environment/path.dsv
[14.188s] -- Installing: /home/sfr2023/leo_ws/install/leo_gz_plugins/share/leo_gz_plugins/local_setup.bash
[14.188s] -- Installing: /home/sfr2023/leo_ws/install/leo_gz_plugins/share/leo_gz_plugins/local_setup.sh
[14.188s] -- Installing: /home/sfr2023/leo_ws/install/leo_gz_plugins/share/leo_gz_plugins/local_setup.zsh
[14.188s] -- Installing: /home/sfr2023/leo_ws/install/leo_gz_plugins/share/leo_gz_plugins/local_setup.dsv
[14.188s] -- Installing: /home/sfr2023/leo_ws/install/leo_gz_plugins/share/leo_gz_plugins/package.dsv
[14.189s] -- Installing: /home/sfr2023/leo_ws/install/leo_gz_plugins/share/ament_index/resource_index/packages/leo_gz_plugins
[14.189s] -- Installing: /home/sfr2023/leo_ws/install/leo_gz_plugins/share/leo_gz_plugins/cmake/leo_gz_pluginsConfig.cmake
[14.189s] -- Installing: /home/sfr2023/leo_ws/install/leo_gz_plugins/share/leo_gz_plugins/cmake/leo_gz_pluginsConfig-version.cmake
[14.189s] -- Installing: /home/sfr2023/leo_ws/install/leo_gz_plugins/share/leo_gz_plugins/package.xml
[14.190s] Invoked command in '/home/sfr2023/leo_ws/build/leo_gz_plugins' returned '0': CMAKE_PREFIX_PATH=${CMAKE_PREFIX_PATH}:/opt/ros/humble /usr/bin/cmake --install /home/sfr2023/leo_ws/build/leo_gz_plugins
