[0.064s] DEBUG:colcon:Command line arguments: ['/usr/bin/colcon', 'build']
[0.064s] DEBUG:colcon:Parsed command line arguments: Namespace(log_base=None, log_level=None, verb_name='build', build_base='build', install_base='install', merge_install=False, symlink_install=False, test_result_base=None, continue_on_error=False, executor='parallel', parallel_workers=12, event_handlers=None, ignore_user_meta=False, metas=['./colcon.meta'], base_paths=['.'], packages_ignore=None, packages_ignore_regex=None, paths=None, packages_up_to=None, packages_up_to_regex=None, packages_above=None, packages_above_and_dependencies=None, packages_above_depth=None, packages_select_by_dep=None, packages_skip_by_dep=None, packages_skip_up_to=None, packages_select_build_failed=False, packages_skip_build_finished=False, packages_select_test_failures=False, packages_skip_test_passed=False, packages_select=None, packages_skip=None, packages_select_regex=None, packages_skip_regex=None, packages_start=None, packages_end=None, allow_overriding=[], cmake_args=None, cmake_target=None, cmake_target_skip_unavailable=False, cmake_clean_cache=False, cmake_clean_first=False, cmake_force_configure=False, ament_cmake_args=None, catkin_cmake_args=None, catkin_skip_building_tests=False, mixin_files=None, mixin=None, verb_parser=<colcon_mixin.mixin.mixin_argument.MixinArgumentDecorator object at 0x7adf5ed4b250>, verb_extension=<colcon_core.verb.build.BuildVerb object at 0x7adf5ed4ab60>, main=<bound method BuildVerb.main of <colcon_core.verb.build.BuildVerb object at 0x7adf5ed4ab60>>, mixin_verb=('build',))
[0.147s] Level 1:colcon.colcon_core.package_discovery:discover_packages(colcon_meta) check parameters
[0.147s] Level 1:colcon.colcon_core.package_discovery:discover_packages(recursive) check parameters
[0.147s] Level 1:colcon.colcon_core.package_discovery:discover_packages(ignore) check parameters
[0.147s] Level 1:colcon.colcon_core.package_discovery:discover_packages(path) check parameters
[0.147s] Level 1:colcon.colcon_core.package_discovery:discover_packages(colcon_meta) discover
[0.147s] Level 1:colcon.colcon_core.package_discovery:discover_packages(recursive) discover
[0.147s] INFO:colcon.colcon_core.package_discovery:Crawling recursively for packages in '/home/sfr2023/leo_ws'
[0.147s] Level 1:colcon.colcon_core.package_identification:_identify(.) by extensions ['ignore', 'ignore_ament_install']
[0.147s] Level 1:colcon.colcon_core.package_identification:_identify(.) by extension 'ignore'
[0.147s] Level 1:colcon.colcon_core.package_identification:_identify(.) by extension 'ignore_ament_install'
[0.147s] Level 1:colcon.colcon_core.package_identification:_identify(.) by extensions ['colcon_pkg']
[0.147s] Level 1:colcon.colcon_core.package_identification:_identify(.) by extension 'colcon_pkg'
[0.147s] Level 1:colcon.colcon_core.package_identification:_identify(.) by extensions ['colcon_meta']
[0.147s] Level 1:colcon.colcon_core.package_identification:_identify(.) by extension 'colcon_meta'
[0.147s] Level 1:colcon.colcon_core.package_identification:_identify(.) by extensions ['ros']
[0.147s] Level 1:colcon.colcon_core.package_identification:_identify(.) by extension 'ros'
[0.153s] Level 1:colcon.colcon_core.package_identification:_identify(.) by extensions ['cmake', 'python']
[0.153s] Level 1:colcon.colcon_core.package_identification:_identify(.) by extension 'cmake'
[0.153s] Level 1:colcon.colcon_core.package_identification:_identify(.) by extension 'python'
[0.153s] Level 1:colcon.colcon_core.package_identification:_identify(.) by extensions ['python_setup_py']
[0.153s] Level 1:colcon.colcon_core.package_identification:_identify(.) by extension 'python_setup_py'
[0.153s] Level 1:colcon.colcon_core.package_identification:_identify(build) by extensions ['ignore', 'ignore_ament_install']
[0.153s] Level 1:colcon.colcon_core.package_identification:_identify(build) by extension 'ignore'
[0.153s] Level 1:colcon.colcon_core.package_identification:_identify(build) ignored
[0.153s] Level 1:colcon.colcon_core.package_identification:_identify(install) by extensions ['ignore', 'ignore_ament_install']
[0.153s] Level 1:colcon.colcon_core.package_identification:_identify(install) by extension 'ignore'
[0.153s] Level 1:colcon.colcon_core.package_identification:_identify(install) ignored
[0.153s] Level 1:colcon.colcon_core.package_identification:_identify(log) by extensions ['ignore', 'ignore_ament_install']
[0.153s] Level 1:colcon.colcon_core.package_identification:_identify(log) by extension 'ignore'
[0.154s] Level 1:colcon.colcon_core.package_identification:_identify(log) ignored
[0.154s] Level 1:colcon.colcon_core.package_identification:_identify(src) by extensions ['ignore', 'ignore_ament_install']
[0.154s] Level 1:colcon.colcon_core.package_identification:_identify(src) by extension 'ignore'
[0.154s] Level 1:colcon.colcon_core.package_identification:_identify(src) by extension 'ignore_ament_install'
[0.154s] Level 1:colcon.colcon_core.package_identification:_identify(src) by extensions ['colcon_pkg']
[0.154s] Level 1:colcon.colcon_core.package_identification:_identify(src) by extension 'colcon_pkg'
[0.154s] Level 1:colcon.colcon_core.package_identification:_identify(src) by extensions ['colcon_meta']
[0.154s] Level 1:colcon.colcon_core.package_identification:_identify(src) by extension 'colcon_meta'
[0.154s] Level 1:colcon.colcon_core.package_identification:_identify(src) by extensions ['ros']
[0.154s] Level 1:colcon.colcon_core.package_identification:_identify(src) by extension 'ros'
[0.154s] Level 1:colcon.colcon_core.package_identification:_identify(src) by extensions ['cmake', 'python']
[0.154s] Level 1:colcon.colcon_core.package_identification:_identify(src) by extension 'cmake'
[0.154s] Level 1:colcon.colcon_core.package_identification:_identify(src) by extension 'python'
[0.154s] Level 1:colcon.colcon_core.package_identification:_identify(src) by extensions ['python_setup_py']
[0.154s] Level 1:colcon.colcon_core.package_identification:_identify(src) by extension 'python_setup_py'
[0.154s] Level 1:colcon.colcon_core.package_identification:_identify(src/leo_description) by extensions ['ignore', 'ignore_ament_install']
[0.154s] Level 1:colcon.colcon_core.package_identification:_identify(src/leo_description) by extension 'ignore'
[0.154s] Level 1:colcon.colcon_core.package_identification:_identify(src/leo_description) by extension 'ignore_ament_install'
[0.154s] Level 1:colcon.colcon_core.package_identification:_identify(src/leo_description) by extensions ['colcon_pkg']
[0.154s] Level 1:colcon.colcon_core.package_identification:_identify(src/leo_description) by extension 'colcon_pkg'
[0.154s] Level 1:colcon.colcon_core.package_identification:_identify(src/leo_description) by extensions ['colcon_meta']
[0.154s] Level 1:colcon.colcon_core.package_identification:_identify(src/leo_description) by extension 'colcon_meta'
[0.154s] Level 1:colcon.colcon_core.package_identification:_identify(src/leo_description) by extensions ['ros']
[0.154s] Level 1:colcon.colcon_core.package_identification:_identify(src/leo_description) by extension 'ros'
[0.156s] DEBUG:colcon.colcon_core.package_identification:Package 'src/leo_description' with type 'ros.ament_python' and name 'leo_description'
[0.156s] Level 1:colcon.colcon_core.package_identification:_identify(src/leo_gz_plugins) by extensions ['ignore', 'ignore_ament_install']
[0.156s] Level 1:colcon.colcon_core.package_identification:_identify(src/leo_gz_plugins) by extension 'ignore'
[0.156s] Level 1:colcon.colcon_core.package_identification:_identify(src/leo_gz_plugins) by extension 'ignore_ament_install'
[0.156s] Level 1:colcon.colcon_core.package_identification:_identify(src/leo_gz_plugins) by extensions ['colcon_pkg']
[0.156s] Level 1:colcon.colcon_core.package_identification:_identify(src/leo_gz_plugins) by extension 'colcon_pkg'
[0.156s] Level 1:colcon.colcon_core.package_identification:_identify(src/leo_gz_plugins) by extensions ['colcon_meta']
[0.156s] Level 1:colcon.colcon_core.package_identification:_identify(src/leo_gz_plugins) by extension 'colcon_meta'
[0.156s] Level 1:colcon.colcon_core.package_identification:_identify(src/leo_gz_plugins) by extensions ['ros']
[0.156s] Level 1:colcon.colcon_core.package_identification:_identify(src/leo_gz_plugins) by extension 'ros'
[0.159s] DEBUG:colcon.colcon_core.package_identification:Package 'src/leo_gz_plugins' with type 'ros.ament_cmake' and name 'leo_gz_plugins'
[0.159s] Level 1:colcon.colcon_core.package_identification:_identify(src/m-explore-ros2) by extensions ['ignore', 'ignore_ament_install']
[0.159s] Level 1:colcon.colcon_core.package_identification:_identify(src/m-explore-ros2) by extension 'ignore'
[0.159s] Level 1:colcon.colcon_core.package_identification:_identify(src/m-explore-ros2) by extension 'ignore_ament_install'
[0.159s] Level 1:colcon.colcon_core.package_identification:_identify(src/m-explore-ros2) by extensions ['colcon_pkg']
[0.159s] Level 1:colcon.colcon_core.package_identification:_identify(src/m-explore-ros2) by extension 'colcon_pkg'
[0.159s] Level 1:colcon.colcon_core.package_identification:_identify(src/m-explore-ros2) by extensions ['colcon_meta']
[0.159s] Level 1:colcon.colcon_core.package_identification:_identify(src/m-explore-ros2) by extension 'colcon_meta'
[0.159s] Level 1:colcon.colcon_core.package_identification:_identify(src/m-explore-ros2) by extensions ['ros']
[0.159s] Level 1:colcon.colcon_core.package_identification:_identify(src/m-explore-ros2) by extension 'ros'
[0.159s] Level 1:colcon.colcon_core.package_identification:_identify(src/m-explore-ros2) by extensions ['cmake', 'python']
[0.159s] Level 1:colcon.colcon_core.package_identification:_identify(src/m-explore-ros2) by extension 'cmake'
[0.159s] Level 1:colcon.colcon_core.package_identification:_identify(src/m-explore-ros2) by extension 'python'
[0.159s] Level 1:colcon.colcon_core.package_identification:_identify(src/m-explore-ros2) by extensions ['python_setup_py']
[0.159s] Level 1:colcon.colcon_core.package_identification:_identify(src/m-explore-ros2) by extension 'python_setup_py'
[0.159s] Level 1:colcon.colcon_core.package_identification:_identify(src/m-explore-ros2/explore) by extensions ['ignore', 'ignore_ament_install']
[0.159s] Level 1:colcon.colcon_core.package_identification:_identify(src/m-explore-ros2/explore) by extension 'ignore'
[0.159s] Level 1:colcon.colcon_core.package_identification:_identify(src/m-explore-ros2/explore) by extension 'ignore_ament_install'
[0.159s] Level 1:colcon.colcon_core.package_identification:_identify(src/m-explore-ros2/explore) by extensions ['colcon_pkg']
[0.159s] Level 1:colcon.colcon_core.package_identification:_identify(src/m-explore-ros2/explore) by extension 'colcon_pkg'
[0.159s] Level 1:colcon.colcon_core.package_identification:_identify(src/m-explore-ros2/explore) by extensions ['colcon_meta']
[0.159s] Level 1:colcon.colcon_core.package_identification:_identify(src/m-explore-ros2/explore) by extension 'colcon_meta'
[0.159s] Level 1:colcon.colcon_core.package_identification:_identify(src/m-explore-ros2/explore) by extensions ['ros']
[0.159s] Level 1:colcon.colcon_core.package_identification:_identify(src/m-explore-ros2/explore) by extension 'ros'
[0.166s] DEBUG:colcon.colcon_core.package_identification:Package 'src/m-explore-ros2/explore' with type 'ros.ament_cmake' and name 'explore_lite'
[0.166s] Level 1:colcon.colcon_core.package_identification:_identify(src/navigation_demos) by extensions ['ignore', 'ignore_ament_install']
[0.166s] Level 1:colcon.colcon_core.package_identification:_identify(src/navigation_demos) by extension 'ignore'
[0.166s] Level 1:colcon.colcon_core.package_identification:_identify(src/navigation_demos) by extension 'ignore_ament_install'
[0.166s] Level 1:colcon.colcon_core.package_identification:_identify(src/navigation_demos) by extensions ['colcon_pkg']
[0.166s] Level 1:colcon.colcon_core.package_identification:_identify(src/navigation_demos) by extension 'colcon_pkg'
[0.166s] Level 1:colcon.colcon_core.package_identification:_identify(src/navigation_demos) by extensions ['colcon_meta']
[0.166s] Level 1:colcon.colcon_core.package_identification:_identify(src/navigation_demos) by extension 'colcon_meta'
[0.166s] Level 1:colcon.colcon_core.package_identification:_identify(src/navigation_demos) by extensions ['ros']
[0.166s] Level 1:colcon.colcon_core.package_identification:_identify(src/navigation_demos) by extension 'ros'
[0.167s] DEBUG:colcon.colcon_core.package_identification:Package 'src/navigation_demos' with type 'ros.ament_python' and name 'navigation_demos'
[0.167s] Level 1:colcon.colcon_core.package_discovery:discover_packages(recursive) using defaults
[0.167s] Level 1:colcon.colcon_core.package_discovery:discover_packages(ignore) discover
[0.167s] Level 1:colcon.colcon_core.package_discovery:discover_packages(ignore) using defaults
[0.167s] Level 1:colcon.colcon_core.package_discovery:discover_packages(path) discover
[0.167s] Level 1:colcon.colcon_core.package_discovery:discover_packages(path) using defaults
[0.178s] Level 1:colcon.colcon_core.package_discovery:discover_packages(prefix_path) check parameters
[0.178s] Level 1:colcon.colcon_core.package_discovery:discover_packages(prefix_path) discover
[0.179s] WARNING:colcon.colcon_ros.prefix_path.catkin:The path '/home/sfr2023/leo_ws/install/leo_gz_plugins' in the environment variable CMAKE_PREFIX_PATH doesn't exist
[0.179s] WARNING:colcon.colcon_ros.prefix_path.catkin:The path '/home/sfr2023/leo_ws/install/explore_lite' in the environment variable CMAKE_PREFIX_PATH doesn't exist
[0.179s] DEBUG:colcon.colcon_installed_package_information.package_discovery:Found 0 installed packages in /home/sfr2023/leo_ws/install
[0.179s] DEBUG:colcon.colcon_installed_package_information.package_discovery:Found 3 installed packages in /home/sfr2023/groot_ws/install
[0.180s] DEBUG:colcon.colcon_installed_package_information.package_discovery:Found 379 installed packages in /opt/ros/humble
[0.181s] Level 1:colcon.colcon_core.package_discovery:discover_packages(prefix_path) using defaults
[0.203s] WARNING:colcon.colcon_core.package_selection:Some selected packages are already built in one or more underlay workspaces:
	'leo_description' is in: /opt/ros/humble
	'leo_gz_plugins' is in: /opt/ros/humble
If a package in a merged underlay workspace is overridden and it installs headers, then all packages in the overlay must sort their include directories by workspace order. Failure to do so may result in build failures or undefined behavior at run time.
If the overridden package is used by another package in any underlay, then the overriding package in the overlay must be API and ABI compatible or undefined behavior at run time may occur.

If you understand the risks and want to override a package anyways, add the following to the command line:
	--allow-overriding leo_description leo_gz_plugins

This may be promoted to an error in a future release of colcon-override-check.
[0.204s] Level 5:colcon.colcon_core.verb:set package 'explore_lite' build argument 'cmake_args' from command line to 'None'
[0.204s] Level 5:colcon.colcon_core.verb:set package 'explore_lite' build argument 'cmake_target' from command line to 'None'
[0.204s] Level 5:colcon.colcon_core.verb:set package 'explore_lite' build argument 'cmake_target_skip_unavailable' from command line to 'False'
[0.204s] Level 5:colcon.colcon_core.verb:set package 'explore_lite' build argument 'cmake_clean_cache' from command line to 'False'
[0.204s] Level 5:colcon.colcon_core.verb:set package 'explore_lite' build argument 'cmake_clean_first' from command line to 'False'
[0.204s] Level 5:colcon.colcon_core.verb:set package 'explore_lite' build argument 'cmake_force_configure' from command line to 'False'
[0.204s] Level 5:colcon.colcon_core.verb:set package 'explore_lite' build argument 'ament_cmake_args' from command line to 'None'
[0.204s] Level 5:colcon.colcon_core.verb:set package 'explore_lite' build argument 'catkin_cmake_args' from command line to 'None'
[0.204s] Level 5:colcon.colcon_core.verb:set package 'explore_lite' build argument 'catkin_skip_building_tests' from command line to 'False'
[0.204s] DEBUG:colcon.colcon_core.verb:Building package 'explore_lite' with the following arguments: {'ament_cmake_args': None, 'build_base': '/home/sfr2023/leo_ws/build/explore_lite', 'catkin_cmake_args': None, 'catkin_skip_building_tests': False, 'cmake_args': None, 'cmake_clean_cache': False, 'cmake_clean_first': False, 'cmake_force_configure': False, 'cmake_target': None, 'cmake_target_skip_unavailable': False, 'install_base': '/home/sfr2023/leo_ws/install/explore_lite', 'merge_install': False, 'path': '/home/sfr2023/leo_ws/src/m-explore-ros2/explore', 'symlink_install': False, 'test_result_base': None}
[0.204s] Level 5:colcon.colcon_core.verb:set package 'leo_description' build argument 'cmake_args' from command line to 'None'
[0.204s] Level 5:colcon.colcon_core.verb:set package 'leo_description' build argument 'cmake_target' from command line to 'None'
[0.204s] Level 5:colcon.colcon_core.verb:set package 'leo_description' build argument 'cmake_target_skip_unavailable' from command line to 'False'
[0.204s] Level 5:colcon.colcon_core.verb:set package 'leo_description' build argument 'cmake_clean_cache' from command line to 'False'
[0.204s] Level 5:colcon.colcon_core.verb:set package 'leo_description' build argument 'cmake_clean_first' from command line to 'False'
[0.204s] Level 5:colcon.colcon_core.verb:set package 'leo_description' build argument 'cmake_force_configure' from command line to 'False'
[0.204s] Level 5:colcon.colcon_core.verb:set package 'leo_description' build argument 'ament_cmake_args' from command line to 'None'
[0.204s] Level 5:colcon.colcon_core.verb:set package 'leo_description' build argument 'catkin_cmake_args' from command line to 'None'
[0.204s] Level 5:colcon.colcon_core.verb:set package 'leo_description' build argument 'catkin_skip_building_tests' from command line to 'False'
[0.204s] DEBUG:colcon.colcon_core.verb:Building package 'leo_description' with the following arguments: {'ament_cmake_args': None, 'build_base': '/home/sfr2023/leo_ws/build/leo_description', 'catkin_cmake_args': None, 'catkin_skip_building_tests': False, 'cmake_args': None, 'cmake_clean_cache': False, 'cmake_clean_first': False, 'cmake_force_configure': False, 'cmake_target': None, 'cmake_target_skip_unavailable': False, 'install_base': '/home/sfr2023/leo_ws/install/leo_description', 'merge_install': False, 'path': '/home/sfr2023/leo_ws/src/leo_description', 'symlink_install': False, 'test_result_base': None}
[0.204s] Level 5:colcon.colcon_core.verb:set package 'leo_gz_plugins' build argument 'cmake_args' from command line to 'None'
[0.204s] Level 5:colcon.colcon_core.verb:set package 'leo_gz_plugins' build argument 'cmake_target' from command line to 'None'
[0.204s] Level 5:colcon.colcon_core.verb:set package 'leo_gz_plugins' build argument 'cmake_target_skip_unavailable' from command line to 'False'
[0.204s] Level 5:colcon.colcon_core.verb:set package 'leo_gz_plugins' build argument 'cmake_clean_cache' from command line to 'False'
[0.204s] Level 5:colcon.colcon_core.verb:set package 'leo_gz_plugins' build argument 'cmake_clean_first' from command line to 'False'
[0.204s] Level 5:colcon.colcon_core.verb:set package 'leo_gz_plugins' build argument 'cmake_force_configure' from command line to 'False'
[0.204s] Level 5:colcon.colcon_core.verb:set package 'leo_gz_plugins' build argument 'ament_cmake_args' from command line to 'None'
[0.204s] Level 5:colcon.colcon_core.verb:set package 'leo_gz_plugins' build argument 'catkin_cmake_args' from command line to 'None'
[0.204s] Level 5:colcon.colcon_core.verb:set package 'leo_gz_plugins' build argument 'catkin_skip_building_tests' from command line to 'False'
[0.204s] DEBUG:colcon.colcon_core.verb:Building package 'leo_gz_plugins' with the following arguments: {'ament_cmake_args': None, 'build_base': '/home/sfr2023/leo_ws/build/leo_gz_plugins', 'catkin_cmake_args': None, 'catkin_skip_building_tests': False, 'cmake_args': None, 'cmake_clean_cache': False, 'cmake_clean_first': False, 'cmake_force_configure': False, 'cmake_target': None, 'cmake_target_skip_unavailable': False, 'install_base': '/home/sfr2023/leo_ws/install/leo_gz_plugins', 'merge_install': False, 'path': '/home/sfr2023/leo_ws/src/leo_gz_plugins', 'symlink_install': False, 'test_result_base': None}
[0.205s] Level 5:colcon.colcon_core.verb:set package 'navigation_demos' build argument 'cmake_args' from command line to 'None'
[0.205s] Level 5:colcon.colcon_core.verb:set package 'navigation_demos' build argument 'cmake_target' from command line to 'None'
[0.205s] Level 5:colcon.colcon_core.verb:set package 'navigation_demos' build argument 'cmake_target_skip_unavailable' from command line to 'False'
[0.205s] Level 5:colcon.colcon_core.verb:set package 'navigation_demos' build argument 'cmake_clean_cache' from command line to 'False'
[0.205s] Level 5:colcon.colcon_core.verb:set package 'navigation_demos' build argument 'cmake_clean_first' from command line to 'False'
[0.205s] Level 5:colcon.colcon_core.verb:set package 'navigation_demos' build argument 'cmake_force_configure' from command line to 'False'
[0.205s] Level 5:colcon.colcon_core.verb:set package 'navigation_demos' build argument 'ament_cmake_args' from command line to 'None'
[0.205s] Level 5:colcon.colcon_core.verb:set package 'navigation_demos' build argument 'catkin_cmake_args' from command line to 'None'
[0.205s] Level 5:colcon.colcon_core.verb:set package 'navigation_demos' build argument 'catkin_skip_building_tests' from command line to 'False'
[0.205s] DEBUG:colcon.colcon_core.verb:Building package 'navigation_demos' with the following arguments: {'ament_cmake_args': None, 'build_base': '/home/sfr2023/leo_ws/build/navigation_demos', 'catkin_cmake_args': None, 'catkin_skip_building_tests': False, 'cmake_args': None, 'cmake_clean_cache': False, 'cmake_clean_first': False, 'cmake_force_configure': False, 'cmake_target': None, 'cmake_target_skip_unavailable': False, 'install_base': '/home/sfr2023/leo_ws/install/navigation_demos', 'merge_install': False, 'path': '/home/sfr2023/leo_ws/src/navigation_demos', 'symlink_install': False, 'test_result_base': None}
[0.205s] INFO:colcon.colcon_core.executor:Executing jobs using 'parallel' executor
[0.206s] DEBUG:colcon.colcon_parallel_executor.executor.parallel:run_until_complete
[0.206s] INFO:colcon.colcon_ros.task.ament_cmake.build:Building ROS package in '/home/sfr2023/leo_ws/src/m-explore-ros2/explore' with build type 'ament_cmake'
[0.206s] INFO:colcon.colcon_cmake.task.cmake.build:Building CMake package in '/home/sfr2023/leo_ws/src/m-explore-ros2/explore'
[0.207s] INFO:colcon.colcon_core.plugin_system:Skipping extension 'colcon_core.shell.bat': Not used on non-Windows systems
[0.207s] INFO:colcon.colcon_core.shell:Skip shell extension 'powershell' for command environment: Not usable outside of PowerShell
[0.207s] DEBUG:colcon.colcon_core.shell:Skip shell extension 'dsv' for command environment
[0.210s] INFO:colcon.colcon_ros.task.ament_python.build:Building ROS package in '/home/sfr2023/leo_ws/src/leo_description' with build type 'ament_python'
[0.210s] Level 1:colcon.colcon_core.shell:create_environment_hook('leo_description', 'ament_prefix_path')
[0.210s] INFO:colcon.colcon_core.shell:Creating environment hook '/home/sfr2023/leo_ws/install/leo_description/share/leo_description/hook/ament_prefix_path.ps1'
[0.211s] INFO:colcon.colcon_core.shell:Creating environment descriptor '/home/sfr2023/leo_ws/install/leo_description/share/leo_description/hook/ament_prefix_path.dsv'
[0.211s] INFO:colcon.colcon_core.shell:Creating environment hook '/home/sfr2023/leo_ws/install/leo_description/share/leo_description/hook/ament_prefix_path.sh'
[0.212s] INFO:colcon.colcon_core.shell:Skip shell extension 'powershell' for command environment: Not usable outside of PowerShell
[0.212s] DEBUG:colcon.colcon_core.shell:Skip shell extension 'dsv' for command environment
[0.214s] INFO:colcon.colcon_ros.task.ament_cmake.build:Building ROS package in '/home/sfr2023/leo_ws/src/leo_gz_plugins' with build type 'ament_cmake'
[0.214s] INFO:colcon.colcon_cmake.task.cmake.build:Building CMake package in '/home/sfr2023/leo_ws/src/leo_gz_plugins'
[0.214s] INFO:colcon.colcon_core.shell:Skip shell extension 'powershell' for command environment: Not usable outside of PowerShell
[0.214s] DEBUG:colcon.colcon_core.shell:Skip shell extension 'dsv' for command environment
[0.217s] INFO:colcon.colcon_ros.task.ament_python.build:Building ROS package in '/home/sfr2023/leo_ws/src/navigation_demos' with build type 'ament_python'
[0.217s] Level 1:colcon.colcon_core.shell:create_environment_hook('navigation_demos', 'ament_prefix_path')
[0.217s] INFO:colcon.colcon_core.shell:Creating environment hook '/home/sfr2023/leo_ws/install/navigation_demos/share/navigation_demos/hook/ament_prefix_path.ps1'
[0.217s] INFO:colcon.colcon_core.shell:Creating environment descriptor '/home/sfr2023/leo_ws/install/navigation_demos/share/navigation_demos/hook/ament_prefix_path.dsv'
[0.217s] INFO:colcon.colcon_core.shell:Creating environment hook '/home/sfr2023/leo_ws/install/navigation_demos/share/navigation_demos/hook/ament_prefix_path.sh'
[0.218s] INFO:colcon.colcon_core.shell:Skip shell extension 'powershell' for command environment: Not usable outside of PowerShell
[0.218s] DEBUG:colcon.colcon_core.shell:Skip shell extension 'dsv' for command environment
[0.222s] DEBUG:colcon.colcon_core.event_handler.log_command:Invoking command in '/home/sfr2023/leo_ws/build/explore_lite': CMAKE_PREFIX_PATH=${CMAKE_PREFIX_PATH}:/opt/ros/humble /usr/bin/cmake /home/sfr2023/leo_ws/src/m-explore-ros2/explore -DCMAKE_INSTALL_PREFIX=/home/sfr2023/leo_ws/install/explore_lite
[0.376s] INFO:colcon.colcon_core.task.python.build:Building Python package in '/home/sfr2023/leo_ws/src/leo_description'
[0.376s] INFO:colcon.colcon_core.shell:Skip shell extension 'powershell' for command environment: Not usable outside of PowerShell
[0.376s] DEBUG:colcon.colcon_core.shell:Skip shell extension 'dsv' for command environment
[0.381s] DEBUG:colcon.colcon_core.event_handler.log_command:Invoking command in '/home/sfr2023/leo_ws/build/leo_gz_plugins': CMAKE_PREFIX_PATH=${CMAKE_PREFIX_PATH}:/opt/ros/humble /usr/bin/cmake /home/sfr2023/leo_ws/src/leo_gz_plugins -DCMAKE_INSTALL_PREFIX=/home/sfr2023/leo_ws/install/leo_gz_plugins
[0.567s] INFO:colcon.colcon_core.task.python.build:Building Python package in '/home/sfr2023/leo_ws/src/navigation_demos'
[0.568s] INFO:colcon.colcon_core.shell:Skip shell extension 'powershell' for command environment: Not usable outside of PowerShell
[0.568s] DEBUG:colcon.colcon_core.shell:Skip shell extension 'dsv' for command environment
[0.785s] DEBUG:colcon.colcon_core.event_handler.log_command:Invoking command in '/home/sfr2023/leo_ws/src/navigation_demos': PYTHONPATH=/home/sfr2023/leo_ws/build/navigation_demos/prefix_override:/usr/lib/python3/dist-packages/colcon_core/task/python/colcon_distutils_commands:/home/sfr2023/leo_ws/install/navigation_demos/lib/python3.10/site-packages:${PYTHONPATH} /usr/bin/python3 -W ignore:setup.py install is deprecated setup.py egg_info --egg-base ../../build/navigation_demos build --build-base /home/sfr2023/leo_ws/build/navigation_demos/build install --record /home/sfr2023/leo_ws/build/navigation_demos/install.log --single-version-externally-managed install_data
[0.809s] DEBUG:colcon.colcon_core.event_handler.log_command:Invoking command in '/home/sfr2023/leo_ws/src/leo_description': PYTHONPATH=/home/sfr2023/leo_ws/build/leo_description/prefix_override:/usr/lib/python3/dist-packages/colcon_core/task/python/colcon_distutils_commands:/home/sfr2023/leo_ws/install/leo_description/lib/python3.10/site-packages:${PYTHONPATH} /usr/bin/python3 -W ignore:setup.py install is deprecated setup.py egg_info --egg-base ../../build/leo_description build --build-base /home/sfr2023/leo_ws/build/leo_description/build install --record /home/sfr2023/leo_ws/build/leo_description/install.log --single-version-externally-managed install_data
[0.966s] DEBUG:colcon.colcon_core.event_handler.log_command:Invoked command in '/home/sfr2023/leo_ws/src/navigation_demos' returned '0': PYTHONPATH=/home/sfr2023/leo_ws/build/navigation_demos/prefix_override:/usr/lib/python3/dist-packages/colcon_core/task/python/colcon_distutils_commands:/home/sfr2023/leo_ws/install/navigation_demos/lib/python3.10/site-packages:${PYTHONPATH} /usr/bin/python3 -W ignore:setup.py install is deprecated setup.py egg_info --egg-base ../../build/navigation_demos build --build-base /home/sfr2023/leo_ws/build/navigation_demos/build install --record /home/sfr2023/leo_ws/build/navigation_demos/install.log --single-version-externally-managed install_data
[0.968s] Level 1:colcon.colcon_core.environment:checking '/home/sfr2023/leo_ws/install/navigation_demos' for CMake module files
[0.969s] Level 1:colcon.colcon_core.environment:checking '/home/sfr2023/leo_ws/install/navigation_demos' for CMake config files
[0.969s] Level 1:colcon.colcon_core.environment:checking '/home/sfr2023/leo_ws/install/navigation_demos/lib'
[0.969s] Level 1:colcon.colcon_core.environment:checking '/home/sfr2023/leo_ws/install/navigation_demos/bin'
[0.970s] Level 1:colcon.colcon_core.environment:checking '/home/sfr2023/leo_ws/install/navigation_demos/lib/pkgconfig/navigation_demos.pc'
[0.970s] Level 1:colcon.colcon_core.environment:checking '/home/sfr2023/leo_ws/install/navigation_demos/lib/python3.10/site-packages'
[0.970s] Level 1:colcon.colcon_core.shell:create_environment_hook('navigation_demos', 'pythonpath')
[0.970s] INFO:colcon.colcon_core.shell:Creating environment hook '/home/sfr2023/leo_ws/install/navigation_demos/share/navigation_demos/hook/pythonpath.ps1'
[0.971s] INFO:colcon.colcon_core.shell:Creating environment descriptor '/home/sfr2023/leo_ws/install/navigation_demos/share/navigation_demos/hook/pythonpath.dsv'
[0.971s] INFO:colcon.colcon_core.shell:Creating environment hook '/home/sfr2023/leo_ws/install/navigation_demos/share/navigation_demos/hook/pythonpath.sh'
[0.972s] Level 1:colcon.colcon_core.environment:checking '/home/sfr2023/leo_ws/install/navigation_demos/bin'
[0.972s] Level 1:colcon.colcon_core.environment:create_environment_scripts_only(navigation_demos)
[0.972s] INFO:colcon.colcon_core.shell:Creating package script '/home/sfr2023/leo_ws/install/navigation_demos/share/navigation_demos/package.ps1'
[0.973s] INFO:colcon.colcon_core.shell:Creating package descriptor '/home/sfr2023/leo_ws/install/navigation_demos/share/navigation_demos/package.dsv'
[0.973s] INFO:colcon.colcon_core.shell:Creating package script '/home/sfr2023/leo_ws/install/navigation_demos/share/navigation_demos/package.sh'
[0.974s] INFO:colcon.colcon_core.shell:Creating package script '/home/sfr2023/leo_ws/install/navigation_demos/share/navigation_demos/package.bash'
[0.975s] INFO:colcon.colcon_core.shell:Creating package script '/home/sfr2023/leo_ws/install/navigation_demos/share/navigation_demos/package.zsh'
[0.975s] Level 1:colcon.colcon_core.environment:create_file_with_runtime_dependencies(/home/sfr2023/leo_ws/install/navigation_demos/share/colcon-core/packages/navigation_demos)
[1.094s] Level 1:colcon.colcon_core.environment:checking '/home/sfr2023/leo_ws/install/leo_description' for CMake module files
[1.095s] DEBUG:colcon.colcon_core.event_handler.log_command:Invoked command in '/home/sfr2023/leo_ws/src/leo_description' returned '0': PYTHONPATH=/home/sfr2023/leo_ws/build/leo_description/prefix_override:/usr/lib/python3/dist-packages/colcon_core/task/python/colcon_distutils_commands:/home/sfr2023/leo_ws/install/leo_description/lib/python3.10/site-packages:${PYTHONPATH} /usr/bin/python3 -W ignore:setup.py install is deprecated setup.py egg_info --egg-base ../../build/leo_description build --build-base /home/sfr2023/leo_ws/build/leo_description/build install --record /home/sfr2023/leo_ws/build/leo_description/install.log --single-version-externally-managed install_data
[1.095s] Level 1:colcon.colcon_core.environment:checking '/home/sfr2023/leo_ws/install/leo_description' for CMake config files
[1.096s] Level 1:colcon.colcon_core.environment:checking '/home/sfr2023/leo_ws/install/leo_description/lib'
[1.096s] Level 1:colcon.colcon_core.environment:checking '/home/sfr2023/leo_ws/install/leo_description/bin'
[1.096s] Level 1:colcon.colcon_core.environment:checking '/home/sfr2023/leo_ws/install/leo_description/lib/pkgconfig/leo_description.pc'
[1.096s] Level 1:colcon.colcon_core.environment:checking '/home/sfr2023/leo_ws/install/leo_description/lib/python3.10/site-packages'
[1.096s] Level 1:colcon.colcon_core.shell:create_environment_hook('leo_description', 'pythonpath')
[1.096s] INFO:colcon.colcon_core.shell:Creating environment hook '/home/sfr2023/leo_ws/install/leo_description/share/leo_description/hook/pythonpath.ps1'
[1.097s] INFO:colcon.colcon_core.shell:Creating environment descriptor '/home/sfr2023/leo_ws/install/leo_description/share/leo_description/hook/pythonpath.dsv'
[1.097s] INFO:colcon.colcon_core.shell:Creating environment hook '/home/sfr2023/leo_ws/install/leo_description/share/leo_description/hook/pythonpath.sh'
[1.097s] Level 1:colcon.colcon_core.environment:checking '/home/sfr2023/leo_ws/install/leo_description/bin'
[1.098s] Level 1:colcon.colcon_core.environment:create_environment_scripts_only(leo_description)
[1.098s] INFO:colcon.colcon_core.shell:Creating package script '/home/sfr2023/leo_ws/install/leo_description/share/leo_description/package.ps1'
[1.098s] INFO:colcon.colcon_core.shell:Creating package descriptor '/home/sfr2023/leo_ws/install/leo_description/share/leo_description/package.dsv'
[1.099s] INFO:colcon.colcon_core.shell:Creating package script '/home/sfr2023/leo_ws/install/leo_description/share/leo_description/package.sh'
[1.099s] INFO:colcon.colcon_core.shell:Creating package script '/home/sfr2023/leo_ws/install/leo_description/share/leo_description/package.bash'
[1.099s] INFO:colcon.colcon_core.shell:Creating package script '/home/sfr2023/leo_ws/install/leo_description/share/leo_description/package.zsh'
[1.100s] Level 1:colcon.colcon_core.environment:create_file_with_runtime_dependencies(/home/sfr2023/leo_ws/install/leo_description/share/colcon-core/packages/leo_description)
[1.443s] DEBUG:colcon.colcon_core.event_handler.log_command:Invoked command in '/home/sfr2023/leo_ws/build/explore_lite' returned '0': CMAKE_PREFIX_PATH=${CMAKE_PREFIX_PATH}:/opt/ros/humble /usr/bin/cmake /home/sfr2023/leo_ws/src/m-explore-ros2/explore -DCMAKE_INSTALL_PREFIX=/home/sfr2023/leo_ws/install/explore_lite
[1.445s] DEBUG:colcon.colcon_core.event_handler.log_command:Invoking command in '/home/sfr2023/leo_ws/build/explore_lite': CMAKE_PREFIX_PATH=${CMAKE_PREFIX_PATH}:/opt/ros/humble /usr/bin/cmake --build /home/sfr2023/leo_ws/build/explore_lite -- -j12 -l12
[2.022s] DEBUG:colcon.colcon_core.event_handler.log_command:Invoked command in '/home/sfr2023/leo_ws/build/leo_gz_plugins' returned '0': CMAKE_PREFIX_PATH=${CMAKE_PREFIX_PATH}:/opt/ros/humble /usr/bin/cmake /home/sfr2023/leo_ws/src/leo_gz_plugins -DCMAKE_INSTALL_PREFIX=/home/sfr2023/leo_ws/install/leo_gz_plugins
[2.024s] DEBUG:colcon.colcon_core.event_handler.log_command:Invoking command in '/home/sfr2023/leo_ws/build/leo_gz_plugins': CMAKE_PREFIX_PATH=${CMAKE_PREFIX_PATH}:/opt/ros/humble /usr/bin/cmake --build /home/sfr2023/leo_ws/build/leo_gz_plugins -- -j12 -l12
[13.494s] DEBUG:colcon.colcon_core.event_handler.log_command:Invoked command in '/home/sfr2023/leo_ws/build/leo_gz_plugins' returned '0': CMAKE_PREFIX_PATH=${CMAKE_PREFIX_PATH}:/opt/ros/humble /usr/bin/cmake --build /home/sfr2023/leo_ws/build/leo_gz_plugins -- -j12 -l12
[13.523s] DEBUG:colcon.colcon_core.event_handler.log_command:Invoking command in '/home/sfr2023/leo_ws/build/leo_gz_plugins': CMAKE_PREFIX_PATH=${CMAKE_PREFIX_PATH}:/opt/ros/humble /usr/bin/cmake --install /home/sfr2023/leo_ws/build/leo_gz_plugins
[13.540s] Level 1:colcon.colcon_core.environment:create_environment_scripts_only(leo_gz_plugins)
[13.540s] Level 1:colcon.colcon_core.environment:checking '/home/sfr2023/leo_ws/install/leo_gz_plugins' for CMake module files
[13.540s] DEBUG:colcon.colcon_core.event_handler.log_command:Invoked command in '/home/sfr2023/leo_ws/build/leo_gz_plugins' returned '0': CMAKE_PREFIX_PATH=${CMAKE_PREFIX_PATH}:/opt/ros/humble /usr/bin/cmake --install /home/sfr2023/leo_ws/build/leo_gz_plugins
[13.541s] Level 1:colcon.colcon_core.environment:checking '/home/sfr2023/leo_ws/install/leo_gz_plugins' for CMake config files
[13.541s] Level 1:colcon.colcon_core.shell:create_environment_hook('leo_gz_plugins', 'cmake_prefix_path')
[13.541s] INFO:colcon.colcon_core.shell:Creating environment hook '/home/sfr2023/leo_ws/install/leo_gz_plugins/share/leo_gz_plugins/hook/cmake_prefix_path.ps1'
[13.541s] INFO:colcon.colcon_core.shell:Creating environment descriptor '/home/sfr2023/leo_ws/install/leo_gz_plugins/share/leo_gz_plugins/hook/cmake_prefix_path.dsv'
[13.542s] INFO:colcon.colcon_core.shell:Creating environment hook '/home/sfr2023/leo_ws/install/leo_gz_plugins/share/leo_gz_plugins/hook/cmake_prefix_path.sh'
[13.542s] Level 1:colcon.colcon_core.environment:checking '/home/sfr2023/leo_ws/install/leo_gz_plugins/lib'
[13.542s] Level 1:colcon.colcon_core.shell:create_environment_hook('leo_gz_plugins', 'ld_library_path_lib')
[13.543s] INFO:colcon.colcon_core.shell:Creating environment hook '/home/sfr2023/leo_ws/install/leo_gz_plugins/share/leo_gz_plugins/hook/ld_library_path_lib.ps1'
[13.543s] INFO:colcon.colcon_core.shell:Creating environment descriptor '/home/sfr2023/leo_ws/install/leo_gz_plugins/share/leo_gz_plugins/hook/ld_library_path_lib.dsv'
[13.543s] INFO:colcon.colcon_core.shell:Creating environment hook '/home/sfr2023/leo_ws/install/leo_gz_plugins/share/leo_gz_plugins/hook/ld_library_path_lib.sh'
[13.543s] Level 1:colcon.colcon_core.environment:checking '/home/sfr2023/leo_ws/install/leo_gz_plugins/bin'
[13.544s] Level 1:colcon.colcon_core.environment:checking '/home/sfr2023/leo_ws/install/leo_gz_plugins/lib/pkgconfig/leo_gz_plugins.pc'
[13.544s] Level 1:colcon.colcon_core.environment:checking '/home/sfr2023/leo_ws/install/leo_gz_plugins/lib/python3.10/site-packages'
[13.544s] Level 1:colcon.colcon_core.environment:checking '/home/sfr2023/leo_ws/install/leo_gz_plugins/bin'
[13.544s] INFO:colcon.colcon_core.shell:Creating package script '/home/sfr2023/leo_ws/install/leo_gz_plugins/share/leo_gz_plugins/package.ps1'
[13.545s] INFO:colcon.colcon_core.shell:Creating package descriptor '/home/sfr2023/leo_ws/install/leo_gz_plugins/share/leo_gz_plugins/package.dsv'
[13.545s] INFO:colcon.colcon_core.shell:Creating package script '/home/sfr2023/leo_ws/install/leo_gz_plugins/share/leo_gz_plugins/package.sh'
[13.545s] INFO:colcon.colcon_core.shell:Creating package script '/home/sfr2023/leo_ws/install/leo_gz_plugins/share/leo_gz_plugins/package.bash'
[13.546s] INFO:colcon.colcon_core.shell:Creating package script '/home/sfr2023/leo_ws/install/leo_gz_plugins/share/leo_gz_plugins/package.zsh'
[13.546s] Level 1:colcon.colcon_core.environment:create_file_with_runtime_dependencies(/home/sfr2023/leo_ws/install/leo_gz_plugins/share/colcon-core/packages/leo_gz_plugins)
[13.571s] Level 1:colcon.colcon_core.environment:create_environment_scripts_only(leo_gz_plugins)
[13.571s] Level 1:colcon.colcon_core.environment:checking '/home/sfr2023/leo_ws/install/leo_gz_plugins' for CMake module files
[13.571s] Level 1:colcon.colcon_core.environment:checking '/home/sfr2023/leo_ws/install/leo_gz_plugins' for CMake config files
[13.572s] Level 1:colcon.colcon_core.shell:create_environment_hook('leo_gz_plugins', 'cmake_prefix_path')
[13.572s] INFO:colcon.colcon_core.shell:Creating environment hook '/home/sfr2023/leo_ws/install/leo_gz_plugins/share/leo_gz_plugins/hook/cmake_prefix_path.ps1'
[13.573s] INFO:colcon.colcon_core.shell:Creating environment descriptor '/home/sfr2023/leo_ws/install/leo_gz_plugins/share/leo_gz_plugins/hook/cmake_prefix_path.dsv'
[13.573s] INFO:colcon.colcon_core.shell:Creating environment hook '/home/sfr2023/leo_ws/install/leo_gz_plugins/share/leo_gz_plugins/hook/cmake_prefix_path.sh'
[13.574s] Level 1:colcon.colcon_core.environment:checking '/home/sfr2023/leo_ws/install/leo_gz_plugins/lib'
[13.574s] Level 1:colcon.colcon_core.shell:create_environment_hook('leo_gz_plugins', 'ld_library_path_lib')
[13.574s] INFO:colcon.colcon_core.shell:Creating environment hook '/home/sfr2023/leo_ws/install/leo_gz_plugins/share/leo_gz_plugins/hook/ld_library_path_lib.ps1'
[13.574s] INFO:colcon.colcon_core.shell:Creating environment descriptor '/home/sfr2023/leo_ws/install/leo_gz_plugins/share/leo_gz_plugins/hook/ld_library_path_lib.dsv'
[13.575s] INFO:colcon.colcon_core.shell:Creating environment hook '/home/sfr2023/leo_ws/install/leo_gz_plugins/share/leo_gz_plugins/hook/ld_library_path_lib.sh'
[13.575s] Level 1:colcon.colcon_core.environment:checking '/home/sfr2023/leo_ws/install/leo_gz_plugins/bin'
[13.575s] Level 1:colcon.colcon_core.environment:checking '/home/sfr2023/leo_ws/install/leo_gz_plugins/lib/pkgconfig/leo_gz_plugins.pc'
[13.575s] Level 1:colcon.colcon_core.environment:checking '/home/sfr2023/leo_ws/install/leo_gz_plugins/lib/python3.10/site-packages'
[13.576s] Level 1:colcon.colcon_core.environment:checking '/home/sfr2023/leo_ws/install/leo_gz_plugins/bin'
[13.576s] INFO:colcon.colcon_core.shell:Creating package script '/home/sfr2023/leo_ws/install/leo_gz_plugins/share/leo_gz_plugins/package.ps1'
[13.576s] INFO:colcon.colcon_core.shell:Creating package descriptor '/home/sfr2023/leo_ws/install/leo_gz_plugins/share/leo_gz_plugins/package.dsv'
[13.577s] INFO:colcon.colcon_core.shell:Creating package script '/home/sfr2023/leo_ws/install/leo_gz_plugins/share/leo_gz_plugins/package.sh'
[13.578s] INFO:colcon.colcon_core.shell:Creating package script '/home/sfr2023/leo_ws/install/leo_gz_plugins/share/leo_gz_plugins/package.bash'
[13.578s] INFO:colcon.colcon_core.shell:Creating package script '/home/sfr2023/leo_ws/install/leo_gz_plugins/share/leo_gz_plugins/package.zsh'
[13.578s] Level 1:colcon.colcon_core.environment:create_file_with_runtime_dependencies(/home/sfr2023/leo_ws/install/leo_gz_plugins/share/colcon-core/packages/leo_gz_plugins)
[14.875s] DEBUG:colcon.colcon_core.event_handler.log_command:Invoked command in '/home/sfr2023/leo_ws/build/explore_lite' returned '0': CMAKE_PREFIX_PATH=${CMAKE_PREFIX_PATH}:/opt/ros/humble /usr/bin/cmake --build /home/sfr2023/leo_ws/build/explore_lite -- -j12 -l12
[14.905s] DEBUG:colcon.colcon_core.event_handler.log_command:Invoking command in '/home/sfr2023/leo_ws/build/explore_lite': CMAKE_PREFIX_PATH=${CMAKE_PREFIX_PATH}:/opt/ros/humble /usr/bin/cmake --install /home/sfr2023/leo_ws/build/explore_lite
[14.923s] Level 1:colcon.colcon_core.environment:create_environment_scripts_only(explore_lite)
[14.924s] Level 1:colcon.colcon_core.environment:checking '/home/sfr2023/leo_ws/install/explore_lite' for CMake module files
[14.924s] DEBUG:colcon.colcon_core.event_handler.log_command:Invoked command in '/home/sfr2023/leo_ws/build/explore_lite' returned '0': CMAKE_PREFIX_PATH=${CMAKE_PREFIX_PATH}:/opt/ros/humble /usr/bin/cmake --install /home/sfr2023/leo_ws/build/explore_lite
[14.925s] Level 1:colcon.colcon_core.environment:checking '/home/sfr2023/leo_ws/install/explore_lite' for CMake config files
[14.925s] Level 1:colcon.colcon_core.shell:create_environment_hook('explore_lite', 'cmake_prefix_path')
[14.925s] INFO:colcon.colcon_core.shell:Creating environment hook '/home/sfr2023/leo_ws/install/explore_lite/share/explore_lite/hook/cmake_prefix_path.ps1'
[14.925s] INFO:colcon.colcon_core.shell:Creating environment descriptor '/home/sfr2023/leo_ws/install/explore_lite/share/explore_lite/hook/cmake_prefix_path.dsv'
[14.926s] INFO:colcon.colcon_core.shell:Creating environment hook '/home/sfr2023/leo_ws/install/explore_lite/share/explore_lite/hook/cmake_prefix_path.sh'
[14.926s] Level 1:colcon.colcon_core.environment:checking '/home/sfr2023/leo_ws/install/explore_lite/lib'
[14.926s] Level 1:colcon.colcon_core.environment:checking '/home/sfr2023/leo_ws/install/explore_lite/bin'
[14.926s] Level 1:colcon.colcon_core.environment:checking '/home/sfr2023/leo_ws/install/explore_lite/lib/pkgconfig/explore_lite.pc'
[14.926s] Level 1:colcon.colcon_core.environment:checking '/home/sfr2023/leo_ws/install/explore_lite/lib/python3.10/site-packages'
[14.927s] Level 1:colcon.colcon_core.environment:checking '/home/sfr2023/leo_ws/install/explore_lite/bin'
[14.927s] INFO:colcon.colcon_core.shell:Creating package script '/home/sfr2023/leo_ws/install/explore_lite/share/explore_lite/package.ps1'
[14.927s] INFO:colcon.colcon_core.shell:Creating package descriptor '/home/sfr2023/leo_ws/install/explore_lite/share/explore_lite/package.dsv'
[14.928s] INFO:colcon.colcon_core.shell:Creating package script '/home/sfr2023/leo_ws/install/explore_lite/share/explore_lite/package.sh'
[14.928s] INFO:colcon.colcon_core.shell:Creating package script '/home/sfr2023/leo_ws/install/explore_lite/share/explore_lite/package.bash'
[14.928s] INFO:colcon.colcon_core.shell:Creating package script '/home/sfr2023/leo_ws/install/explore_lite/share/explore_lite/package.zsh'
[14.929s] Level 1:colcon.colcon_core.environment:create_file_with_runtime_dependencies(/home/sfr2023/leo_ws/install/explore_lite/share/colcon-core/packages/explore_lite)
[14.959s] Level 1:colcon.colcon_core.environment:create_environment_scripts_only(explore_lite)
[14.960s] Level 1:colcon.colcon_core.environment:checking '/home/sfr2023/leo_ws/install/explore_lite' for CMake module files
[14.960s] Level 1:colcon.colcon_core.environment:checking '/home/sfr2023/leo_ws/install/explore_lite' for CMake config files
[14.960s] Level 1:colcon.colcon_core.shell:create_environment_hook('explore_lite', 'cmake_prefix_path')
[14.960s] INFO:colcon.colcon_core.shell:Creating environment hook '/home/sfr2023/leo_ws/install/explore_lite/share/explore_lite/hook/cmake_prefix_path.ps1'
[14.961s] INFO:colcon.colcon_core.shell:Creating environment descriptor '/home/sfr2023/leo_ws/install/explore_lite/share/explore_lite/hook/cmake_prefix_path.dsv'
[14.961s] INFO:colcon.colcon_core.shell:Creating environment hook '/home/sfr2023/leo_ws/install/explore_lite/share/explore_lite/hook/cmake_prefix_path.sh'
[14.961s] Level 1:colcon.colcon_core.environment:checking '/home/sfr2023/leo_ws/install/explore_lite/lib'
[14.961s] Level 1:colcon.colcon_core.environment:checking '/home/sfr2023/leo_ws/install/explore_lite/bin'
[14.961s] Level 1:colcon.colcon_core.environment:checking '/home/sfr2023/leo_ws/install/explore_lite/lib/pkgconfig/explore_lite.pc'
[14.961s] Level 1:colcon.colcon_core.environment:checking '/home/sfr2023/leo_ws/install/explore_lite/lib/python3.10/site-packages'
[14.961s] Level 1:colcon.colcon_core.environment:checking '/home/sfr2023/leo_ws/install/explore_lite/bin'
[14.962s] INFO:colcon.colcon_core.shell:Creating package script '/home/sfr2023/leo_ws/install/explore_lite/share/explore_lite/package.ps1'
[14.962s] INFO:colcon.colcon_core.shell:Creating package descriptor '/home/sfr2023/leo_ws/install/explore_lite/share/explore_lite/package.dsv'
[14.962s] INFO:colcon.colcon_core.shell:Creating package script '/home/sfr2023/leo_ws/install/explore_lite/share/explore_lite/package.sh'
[14.962s] INFO:colcon.colcon_core.shell:Creating package script '/home/sfr2023/leo_ws/install/explore_lite/share/explore_lite/package.bash'
[14.963s] INFO:colcon.colcon_core.shell:Creating package script '/home/sfr2023/leo_ws/install/explore_lite/share/explore_lite/package.zsh'
[14.963s] Level 1:colcon.colcon_core.environment:create_file_with_runtime_dependencies(/home/sfr2023/leo_ws/install/explore_lite/share/colcon-core/packages/explore_lite)
[14.963s] DEBUG:colcon.colcon_parallel_executor.executor.parallel:closing loop
[14.963s] DEBUG:colcon.colcon_parallel_executor.executor.parallel:loop closed
[14.963s] DEBUG:colcon.colcon_parallel_executor.executor.parallel:run_until_complete finished with '0'
[14.963s] DEBUG:colcon.colcon_core.event_reactor:joining thread
[14.966s] INFO:colcon.colcon_core.plugin_system:Skipping extension 'colcon_notification.desktop_notification.terminal_notifier': Not used on non-Darwin systems
[14.966s] INFO:colcon.colcon_core.plugin_system:Skipping extension 'colcon_notification.desktop_notification.win32': Not used on non-Windows systems
[14.967s] INFO:colcon.colcon_notification.desktop_notification:Sending desktop notification using 'notify2'
[14.972s] DEBUG:colcon.colcon_core.event_reactor:joined thread
[14.972s] INFO:colcon.colcon_core.shell:Creating prefix script '/home/sfr2023/leo_ws/install/local_setup.ps1'
[14.973s] INFO:colcon.colcon_core.shell:Creating prefix util module '/home/sfr2023/leo_ws/install/_local_setup_util_ps1.py'
[14.974s] INFO:colcon.colcon_core.shell:Creating prefix chain script '/home/sfr2023/leo_ws/install/setup.ps1'
[14.974s] INFO:colcon.colcon_core.shell:Creating prefix script '/home/sfr2023/leo_ws/install/local_setup.sh'
[14.974s] INFO:colcon.colcon_core.shell:Creating prefix util module '/home/sfr2023/leo_ws/install/_local_setup_util_sh.py'
[14.975s] INFO:colcon.colcon_core.shell:Creating prefix chain script '/home/sfr2023/leo_ws/install/setup.sh'
[14.975s] INFO:colcon.colcon_core.shell:Creating prefix script '/home/sfr2023/leo_ws/install/local_setup.bash'
[14.975s] INFO:colcon.colcon_core.shell:Creating prefix chain script '/home/sfr2023/leo_ws/install/setup.bash'
[14.976s] INFO:colcon.colcon_core.shell:Creating prefix script '/home/sfr2023/leo_ws/install/local_setup.zsh'
[14.976s] INFO:colcon.colcon_core.shell:Creating prefix chain script '/home/sfr2023/leo_ws/install/setup.zsh'
