[0.016s] Invoking command in '/home/sfr2023/leo_ws/build/explore_lite': CMAKE_PREFIX_PATH=${CMAKE_PREFIX_PATH}:/opt/ros/humble /usr/bin/cmake /home/sfr2023/leo_ws/src/m-explore-ros2/explore -DCMAKE_INSTALL_PREFIX=/home/sfr2023/leo_ws/install/explore_lite
[0.172s] -- The C compiler identification is GNU 11.4.0
[0.172s] -- The CXX compiler identification is GNU 11.4.0
[0.172s] -- Detecting C compiler ABI info
[0.172s] -- Detecting C compiler ABI info - done
[0.329s] -- Check for working C compiler: /usr/bin/cc - skipped
[0.329s] -- Detecting C compile features
[0.329s] -- Detecting C compile features - done
[0.329s] -- Detecting CXX compiler ABI info
[0.330s] -- Detecting CXX compiler ABI info - done
[0.330s] -- Check for working CXX compiler: /usr/bin/c++ - skipped
[0.330s] -- Detecting CXX compile features
[0.330s] -- Detecting CXX compile features - done
[0.330s] -- BuilD for ROS2: humble
[0.330s] -- Found ament_cmake: 1.3.10 (/opt/ros/humble/share/ament_cmake/cmake)
[0.406s] -- Found Python3: /usr/bin/python3 (found version "3.10.12") found components: Interpreter 
[0.489s] -- Found rclcpp: 16.0.10 (/opt/ros/humble/share/rclcpp/cmake)
[0.522s] -- Found rosidl_generator_c: 3.1.5 (/opt/ros/humble/share/rosidl_generator_c/cmake)
[0.525s] -- Found rosidl_adapter: 3.1.5 (/opt/ros/humble/share/rosidl_adapter/cmake)
[0.531s] -- Found rosidl_generator_cpp: 3.1.5 (/opt/ros/humble/share/rosidl_generator_cpp/cmake)
[0.539s] -- Using all available rosidl_typesupport_c: rosidl_typesupport_fastrtps_c;rosidl_typesupport_introspection_c
[0.551s] -- Using all available rosidl_typesupport_cpp: rosidl_typesupport_fastrtps_cpp;rosidl_typesupport_introspection_cpp
[0.577s] -- Found rmw_implementation_cmake: 6.1.2 (/opt/ros/humble/share/rmw_implementation_cmake/cmake)
[0.579s] -- Found rmw_fastrtps_cpp: 6.2.7 (/opt/ros/humble/share/rmw_fastrtps_cpp/cmake)
[0.654s] -- Found OpenSSL: /usr/lib/x86_64-linux-gnu/libcrypto.so (found version "3.0.2")  
[0.682s] -- Found FastRTPS: /opt/ros/humble/include  
[0.724s] -- Using RMW implementation 'rmw_fastrtps_cpp' as default
[0.733s] -- Looking for pthread.h
[0.798s] -- Looking for pthread.h - found
[0.799s] -- Performing Test CMAKE_HAVE_LIBC_PTHREAD
[0.857s] -- Performing Test CMAKE_HAVE_LIBC_PTHREAD - Success
[0.858s] -- Found Threads: TRUE  
[0.921s] -- Found sensor_msgs: 4.2.4 (/opt/ros/humble/share/sensor_msgs/cmake)
[0.961s] -- Found tf2_ros: 0.25.8 (/opt/ros/humble/share/tf2_ros/cmake)
[1.039s] -- Found tf2_geometry_msgs: 0.25.8 (/opt/ros/humble/share/tf2_geometry_msgs/cmake)
[1.047s] -- Found eigen3_cmake_module: 0.1.1 (/opt/ros/humble/share/eigen3_cmake_module/cmake)
[1.048s] -- Found Eigen3: TRUE (found version "3.4.0") 
[1.048s] -- Ensuring Eigen3 include directory is part of orocos-kdl CMake target
[1.049s] -- Found nav2_msgs: 1.1.16 (/opt/ros/humble/share/nav2_msgs/cmake)
[1.075s] -- Found map_msgs: 2.1.0 (/opt/ros/humble/share/map_msgs/cmake)
[1.087s] -- Found visualization_msgs: 4.2.4 (/opt/ros/humble/share/visualization_msgs/cmake)
[1.102s] -- Found nav2_costmap_2d: 1.1.16 (/opt/ros/humble/share/nav2_costmap_2d/cmake)
[1.184s] -- Found ament_lint_auto: 0.12.11 (/opt/ros/humble/share/ament_lint_auto/cmake)
[1.254s] -- Found ament_cmake_gtest: 1.3.10 (/opt/ros/humble/share/ament_cmake_gtest/cmake)
[1.255s] -- Found gtest sources under '/opt/ros/humble/src/gtest_vendor': C++ tests using 'Google Test' will be built
[1.263s] -- Added test 'cppcheck' to perform static code analysis on C / C++ code
[1.263s] -- Configured cppcheck include dirs: /home/sfr2023/leo_ws/src/m-explore-ros2/explore/include;$<BUILD_INTERFACE:/home/sfr2023/leo_ws/src/m-explore-ros2/explore/include>
[1.264s] -- Configured cppcheck exclude dirs and/or files: 
[1.264s] -- Added test 'flake8' to check Python code syntax and style conventions
[1.265s] -- Added test 'lint_cmake' to check CMake code style
[1.265s] -- Added test 'pep257' to check Python code against some of the docstring style conventions in PEP 257
[1.266s] -- Added test 'uncrustify' to check C / C++ code style
[1.266s] -- Configured uncrustify additional arguments: 
[1.266s] -- Added test 'xmllint' to check XML markup files
[1.267s] -- Configuring done
[1.318s] -- Generating done
[1.319s] -- Build files have been written to: /home/sfr2023/leo_ws/build/explore_lite
[1.327s] Invoked command in '/home/sfr2023/leo_ws/build/explore_lite' returned '0': CMAKE_PREFIX_PATH=${CMAKE_PREFIX_PATH}:/opt/ros/humble /usr/bin/cmake /home/sfr2023/leo_ws/src/m-explore-ros2/explore -DCMAKE_INSTALL_PREFIX=/home/sfr2023/leo_ws/install/explore_lite
[1.329s] Invoking command in '/home/sfr2023/leo_ws/build/explore_lite': CMAKE_PREFIX_PATH=${CMAKE_PREFIX_PATH}:/opt/ros/humble /usr/bin/cmake --build /home/sfr2023/leo_ws/build/explore_lite -- -j12 -l12
[1.373s] [ 10%] Building CXX object gtest/CMakeFiles/gtest.dir/src/gtest-all.cc.o
[1.376s] [ 20%] Building CXX object CMakeFiles/explore.dir/src/costmap_client.cpp.o
[1.378s] [ 30%] Building CXX object gtest/CMakeFiles/gtest_main.dir/src/gtest_main.cc.o
[1.380s] [ 50%] Building CXX object CMakeFiles/explore.dir/src/explore.cpp.o
[1.380s] [ 50%] Building CXX object CMakeFiles/explore.dir/src/frontier_search.cpp.o
[2.221s] [ 60%] Linking CXX static library libgtest_main.a
[2.262s] [ 60%] Built target gtest_main
[4.074s] [ 70%] Linking CXX static library libgtest.a
[4.133s] [ 70%] Built target gtest
[4.158s] [ 80%] Building CXX object CMakeFiles/test_explore.dir/test/test_explore.cpp.o
[5.054s] [ 90%] Linking CXX executable test_explore
[6.042s] [ 90%] Built target test_explore
[14.339s] [100%] Linking CXX executable explore
[15.781s] [100%] Built target explore
[15.791s] Invoked command in '/home/sfr2023/leo_ws/build/explore_lite' returned '0': CMAKE_PREFIX_PATH=${CMAKE_PREFIX_PATH}:/opt/ros/humble /usr/bin/cmake --build /home/sfr2023/leo_ws/build/explore_lite -- -j12 -l12
[15.827s] Invoking command in '/home/sfr2023/leo_ws/build/explore_lite': CMAKE_PREFIX_PATH=${CMAKE_PREFIX_PATH}:/opt/ros/humble /usr/bin/cmake --install /home/sfr2023/leo_ws/build/explore_lite
[15.834s] -- Install configuration: ""
[15.834s] -- Installing: /home/sfr2023/leo_ws/install/explore_lite/include/explore/
[15.834s] -- Installing: /home/sfr2023/leo_ws/install/explore_lite/include/explore//frontier_search.h
[15.834s] -- Installing: /home/sfr2023/leo_ws/install/explore_lite/include/explore//costmap_client.h
[15.834s] -- Installing: /home/sfr2023/leo_ws/install/explore_lite/include/explore//explore.h
[15.834s] -- Installing: /home/sfr2023/leo_ws/install/explore_lite/include/explore//costmap_tools.h
[15.834s] -- Installing: /home/sfr2023/leo_ws/install/explore_lite/share/explore_lite/config
[15.834s] -- Installing: /home/sfr2023/leo_ws/install/explore_lite/share/explore_lite/config/params_costmap.yaml
[15.834s] -- Installing: /home/sfr2023/leo_ws/install/explore_lite/share/explore_lite/config/params.yaml
[15.834s] -- Installing: /home/sfr2023/leo_ws/install/explore_lite/share/explore_lite/launch
[15.834s] -- Installing: /home/sfr2023/leo_ws/install/explore_lite/share/explore_lite/launch/explore.launch.py
[15.835s] -- Installing: /home/sfr2023/leo_ws/install/explore_lite/lib/explore_lite/explore
[15.838s] -- Set runtime path of "/home/sfr2023/leo_ws/install/explore_lite/lib/explore_lite/explore" to ""
[15.838s] -- Installing: /home/sfr2023/leo_ws/install/explore_lite/share/ament_index/resource_index/package_run_dependencies/explore_lite
[15.838s] -- Installing: /home/sfr2023/leo_ws/install/explore_lite/share/ament_index/resource_index/parent_prefix_path/explore_lite
[15.838s] -- Installing: /home/sfr2023/leo_ws/install/explore_lite/share/explore_lite/environment/ament_prefix_path.sh
[15.838s] -- Installing: /home/sfr2023/leo_ws/install/explore_lite/share/explore_lite/environment/ament_prefix_path.dsv
[15.839s] -- Installing: /home/sfr2023/leo_ws/install/explore_lite/share/explore_lite/environment/path.sh
[15.839s] -- Installing: /home/sfr2023/leo_ws/install/explore_lite/share/explore_lite/environment/path.dsv
[15.839s] -- Installing: /home/sfr2023/leo_ws/install/explore_lite/share/explore_lite/local_setup.bash
[15.839s] -- Installing: /home/sfr2023/leo_ws/install/explore_lite/share/explore_lite/local_setup.sh
[15.839s] -- Installing: /home/sfr2023/leo_ws/install/explore_lite/share/explore_lite/local_setup.zsh
[15.839s] -- Installing: /home/sfr2023/leo_ws/install/explore_lite/share/explore_lite/local_setup.dsv
[15.839s] -- Installing: /home/sfr2023/leo_ws/install/explore_lite/share/explore_lite/package.dsv
[15.839s] -- Installing: /home/sfr2023/leo_ws/install/explore_lite/share/ament_index/resource_index/packages/explore_lite
[15.839s] -- Installing: /home/sfr2023/leo_ws/install/explore_lite/share/explore_lite/cmake/ament_cmake_export_include_directories-extras.cmake
[15.839s] -- Installing: /home/sfr2023/leo_ws/install/explore_lite/share/explore_lite/cmake/explore_liteConfig.cmake
[15.839s] -- Installing: /home/sfr2023/leo_ws/install/explore_lite/share/explore_lite/cmake/explore_liteConfig-version.cmake
[15.839s] -- Installing: /home/sfr2023/leo_ws/install/explore_lite/share/explore_lite/package.xml
[15.841s] Invoked command in '/home/sfr2023/leo_ws/build/explore_lite' returned '0': CMAKE_PREFIX_PATH=${CMAKE_PREFIX_PATH}:/opt/ros/humble /usr/bin/cmake --install /home/sfr2023/leo_ws/build/explore_lite
