[0.568s] Invoking command in '/home/sfr2023/leo_ws/src/navigation_demos': PYTHONPATH=/home/sfr2023/leo_ws/build/navigation_demos/prefix_override:/usr/lib/python3/dist-packages/colcon_core/task/python/colcon_distutils_commands:/home/sfr2023/leo_ws/install/navigation_demos/lib/python3.10/site-packages:${PYTHONPATH} /usr/bin/python3 -W ignore:setup.py install is deprecated setup.py egg_info --egg-base ../../build/navigation_demos build --build-base /home/sfr2023/leo_ws/build/navigation_demos/build install --record /home/sfr2023/leo_ws/build/navigation_demos/install.log --single-version-externally-managed install_data
[0.706s] running egg_info
[0.707s] creating ../../build/navigation_demos/navigation_demos.egg-info
[0.707s] writing ../../build/navigation_demos/navigation_demos.egg-info/PKG-INFO
[0.707s] writing dependency_links to ../../build/navigation_demos/navigation_demos.egg-info/dependency_links.txt
[0.707s] writing entry points to ../../build/navigation_demos/navigation_demos.egg-info/entry_points.txt
[0.707s] writing requirements to ../../build/navigation_demos/navigation_demos.egg-info/requires.txt
[0.707s] writing top-level names to ../../build/navigation_demos/navigation_demos.egg-info/top_level.txt
[0.707s] writing manifest file '../../build/navigation_demos/navigation_demos.egg-info/SOURCES.txt'
[0.708s] reading manifest file '../../build/navigation_demos/navigation_demos.egg-info/SOURCES.txt'
[0.708s] writing manifest file '../../build/navigation_demos/navigation_demos.egg-info/SOURCES.txt'
[0.708s] running build
[0.708s] running build_py
[0.708s] creating /home/sfr2023/leo_ws/build/navigation_demos/build
[0.708s] creating /home/sfr2023/leo_ws/build/navigation_demos/build/lib
[0.709s] creating /home/sfr2023/leo_ws/build/navigation_demos/build/lib/navigation_demos
[0.709s] copying navigation_demos/__init__.py -> /home/sfr2023/leo_ws/build/navigation_demos/build/lib/navigation_demos
[0.709s] running install
[0.709s] running install_lib
[0.709s] creating /home/sfr2023/leo_ws/install/navigation_demos/lib/python3.10/site-packages/navigation_demos
[0.709s] copying /home/sfr2023/leo_ws/build/navigation_demos/build/lib/navigation_demos/__init__.py -> /home/sfr2023/leo_ws/install/navigation_demos/lib/python3.10/site-packages/navigation_demos
[0.709s] byte-compiling /home/sfr2023/leo_ws/install/navigation_demos/lib/python3.10/site-packages/navigation_demos/__init__.py to __init__.cpython-310.pyc
[0.710s] running install_data
[0.710s] creating /home/sfr2023/leo_ws/install/navigation_demos/share/ament_index
[0.710s] creating /home/sfr2023/leo_ws/install/navigation_demos/share/ament_index/resource_index
[0.710s] creating /home/sfr2023/leo_ws/install/navigation_demos/share/ament_index/resource_index/packages
[0.710s] copying resource/navigation_demos -> /home/sfr2023/leo_ws/install/navigation_demos/share/ament_index/resource_index/packages
[0.710s] copying package.xml -> /home/sfr2023/leo_ws/install/navigation_demos/share/navigation_demos
[0.710s] creating /home/sfr2023/leo_ws/install/navigation_demos/share/navigation_demos/launch
[0.710s] copying launch/nav_demo.launch.py -> /home/sfr2023/leo_ws/install/navigation_demos/share/navigation_demos/launch
[0.710s] creating /home/sfr2023/leo_ws/install/navigation_demos/share/navigation_demos/config
[0.710s] copying config/maze.yaml -> /home/sfr2023/leo_ws/install/navigation_demos/share/navigation_demos/config
[0.710s] copying config/nav_params.yaml -> /home/sfr2023/leo_ws/install/navigation_demos/share/navigation_demos/config
[0.710s] running install_egg_info
[0.712s] Copying ../../build/navigation_demos/navigation_demos.egg-info to /home/sfr2023/leo_ws/install/navigation_demos/lib/python3.10/site-packages/navigation_demos-0.0.0-py3.10.egg-info
[0.712s] running install_scripts
[0.725s] Installing exploration script to /home/sfr2023/leo_ws/install/navigation_demos/lib/navigation_demos
[0.725s] Installing scan_malware script to /home/sfr2023/leo_ws/install/navigation_demos/lib/navigation_demos
[0.725s] writing list of installed files to '/home/sfr2023/leo_ws/build/navigation_demos/install.log'
[0.749s] Invoked command in '/home/sfr2023/leo_ws/src/navigation_demos' returned '0': PYTHONPATH=/home/sfr2023/leo_ws/build/navigation_demos/prefix_override:/usr/lib/python3/dist-packages/colcon_core/task/python/colcon_distutils_commands:/home/sfr2023/leo_ws/install/navigation_demos/lib/python3.10/site-packages:${PYTHONPATH} /usr/bin/python3 -W ignore:setup.py install is deprecated setup.py egg_info --egg-base ../../build/navigation_demos build --build-base /home/sfr2023/leo_ws/build/navigation_demos/build install --record /home/sfr2023/leo_ws/build/navigation_demos/install.log --single-version-externally-managed install_data
