[0.017s] Invoking command in '/home/sfr2023/leo_ws/build/explore_lite': CMAKE_PREFIX_PATH=${CMAKE_PREFIX_PATH}:/opt/ros/humble /usr/bin/cmake /home/sfr2023/leo_ws/src/m-explore-ros2/explore -DCMAKE_INSTALL_PREFIX=/home/sfr2023/leo_ws/install/explore_lite
[0.174s] -- The C compiler identification is GNU 11.4.0
[0.174s] -- The CXX compiler identification is GNU 11.4.0
[0.174s] -- Detecting C compiler ABI info
[0.322s] -- Detecting C compiler ABI info - done
[0.322s] -- Check for working C compiler: /usr/bin/cc - skipped
[0.322s] -- Detecting C compile features
[0.323s] -- Detecting C compile features - done
[0.323s] -- Detecting CXX compiler ABI info
[0.323s] -- Detecting CXX compiler ABI info - done
[0.323s] -- Check for working CXX compiler: /usr/bin/c++ - skipped
[0.323s] -- Detecting CXX compile features
[0.323s] -- Detecting CXX compile features - done
[0.323s] -- BuilD for ROS2: humble
[0.323s] -- Found ament_cmake: 1.3.10 (/opt/ros/humble/share/ament_cmake/cmake)
[0.431s] -- Found Python3: /usr/bin/python3 (found version "3.10.12") found components: Interpreter 
[0.506s] -- Found rclcpp: 16.0.10 (/opt/ros/humble/share/rclcpp/cmake)
[0.557s] -- Found rosidl_generator_c: 3.1.5 (/opt/ros/humble/share/rosidl_generator_c/cmake)
[0.563s] -- Found rosidl_adapter: 3.1.5 (/opt/ros/humble/share/rosidl_adapter/cmake)
[0.573s] -- Found rosidl_generator_cpp: 3.1.5 (/opt/ros/humble/share/rosidl_generator_cpp/cmake)
[0.588s] -- Using all available rosidl_typesupport_c: rosidl_typesupport_fastrtps_c;rosidl_typesupport_introspection_c
[0.609s] -- Using all available rosidl_typesupport_cpp: rosidl_typesupport_fastrtps_cpp;rosidl_typesupport_introspection_cpp
[0.651s] -- Found rmw_implementation_cmake: 6.1.2 (/opt/ros/humble/share/rmw_implementation_cmake/cmake)
[0.653s] -- Found rmw_fastrtps_cpp: 6.2.7 (/opt/ros/humble/share/rmw_fastrtps_cpp/cmake)
[0.725s] -- Found OpenSSL: /usr/lib/x86_64-linux-gnu/libcrypto.so (found version "3.0.2")  
[0.753s] -- Found FastRTPS: /opt/ros/humble/include  
[0.797s] -- Using RMW implementation 'rmw_fastrtps_cpp' as default
[0.807s] -- Looking for pthread.h
[0.876s] -- Looking for pthread.h - found
[0.876s] -- Performing Test CMAKE_HAVE_LIBC_PTHREAD
[0.933s] -- Performing Test CMAKE_HAVE_LIBC_PTHREAD - Success
[0.934s] -- Found Threads: TRUE  
[0.972s] -- Found sensor_msgs: 4.2.4 (/opt/ros/humble/share/sensor_msgs/cmake)
[0.995s] -- Found tf2_ros: 0.25.8 (/opt/ros/humble/share/tf2_ros/cmake)
[1.071s] -- Found tf2_geometry_msgs: 0.25.8 (/opt/ros/humble/share/tf2_geometry_msgs/cmake)
[1.082s] -- Found eigen3_cmake_module: 0.1.1 (/opt/ros/humble/share/eigen3_cmake_module/cmake)
[1.083s] -- Found Eigen3: TRUE (found version "3.4.0") 
[1.083s] -- Ensuring Eigen3 include directory is part of orocos-kdl CMake target
[1.085s] -- Found nav2_msgs: 1.1.16 (/opt/ros/humble/share/nav2_msgs/cmake)
[1.119s] -- Found map_msgs: 2.1.0 (/opt/ros/humble/share/map_msgs/cmake)
[1.137s] -- Found visualization_msgs: 4.2.4 (/opt/ros/humble/share/visualization_msgs/cmake)
[1.162s] -- Found nav2_costmap_2d: 1.1.16 (/opt/ros/humble/share/nav2_costmap_2d/cmake)
[1.263s] -- Found ament_lint_auto: 0.12.11 (/opt/ros/humble/share/ament_lint_auto/cmake)
[1.328s] -- Found ament_cmake_gtest: 1.3.10 (/opt/ros/humble/share/ament_cmake_gtest/cmake)
[1.332s] -- Found gtest sources under '/opt/ros/humble/src/gtest_vendor': C++ tests using 'Google Test' will be built
[1.343s] -- Added test 'cppcheck' to perform static code analysis on C / C++ code
[1.343s] -- Configured cppcheck include dirs: /home/sfr2023/leo_ws/src/m-explore-ros2/explore/include;$<BUILD_INTERFACE:/home/sfr2023/leo_ws/src/m-explore-ros2/explore/include>
[1.343s] -- Configured cppcheck exclude dirs and/or files: 
[1.344s] -- Added test 'flake8' to check Python code syntax and style conventions
[1.344s] -- Added test 'lint_cmake' to check CMake code style
[1.345s] -- Added test 'pep257' to check Python code against some of the docstring style conventions in PEP 257
[1.346s] -- Added test 'uncrustify' to check C / C++ code style
[1.346s] -- Configured uncrustify additional arguments: 
[1.346s] -- Added test 'xmllint' to check XML markup files
[1.347s] -- Configuring done
[1.428s] -- Generating done
[1.429s] -- Build files have been written to: /home/sfr2023/leo_ws/build/explore_lite
[1.437s] Invoked command in '/home/sfr2023/leo_ws/build/explore_lite' returned '0': CMAKE_PREFIX_PATH=${CMAKE_PREFIX_PATH}:/opt/ros/humble /usr/bin/cmake /home/sfr2023/leo_ws/src/m-explore-ros2/explore -DCMAKE_INSTALL_PREFIX=/home/sfr2023/leo_ws/install/explore_lite
[1.439s] Invoking command in '/home/sfr2023/leo_ws/build/explore_lite': CMAKE_PREFIX_PATH=${CMAKE_PREFIX_PATH}:/opt/ros/humble /usr/bin/cmake --build /home/sfr2023/leo_ws/build/explore_lite -- -j12 -l12
[1.480s] [ 10%] Building CXX object gtest/CMakeFiles/gtest.dir/src/gtest-all.cc.o
[1.483s] [ 20%] Building CXX object gtest/CMakeFiles/gtest_main.dir/src/gtest_main.cc.o
[1.485s] [ 40%] Building CXX object CMakeFiles/explore.dir/src/explore.cpp.o
[1.485s] [ 40%] Building CXX object CMakeFiles/explore.dir/src/costmap_client.cpp.o
[1.489s] [ 50%] Building CXX object CMakeFiles/explore.dir/src/frontier_search.cpp.o
[2.169s] [ 60%] Linking CXX static library libgtest_main.a
[2.208s] [ 60%] Built target gtest_main
[4.826s] [ 70%] Linking CXX static library libgtest.a
[4.885s] [ 70%] Built target gtest
[4.909s] [ 80%] Building CXX object CMakeFiles/test_explore.dir/test/test_explore.cpp.o
[5.972s] [ 90%] Linking CXX executable test_explore
[7.009s] [ 90%] Built target test_explore
[11.427s] [100%] Linking CXX executable explore
[12.684s] [100%] Built target explore
[12.694s] Invoked command in '/home/sfr2023/leo_ws/build/explore_lite' returned '0': CMAKE_PREFIX_PATH=${CMAKE_PREFIX_PATH}:/opt/ros/humble /usr/bin/cmake --build /home/sfr2023/leo_ws/build/explore_lite -- -j12 -l12
[12.734s] Invoking command in '/home/sfr2023/leo_ws/build/explore_lite': CMAKE_PREFIX_PATH=${CMAKE_PREFIX_PATH}:/opt/ros/humble /usr/bin/cmake --install /home/sfr2023/leo_ws/build/explore_lite
[12.738s] -- Install configuration: ""
[12.738s] -- Installing: /home/sfr2023/leo_ws/install/explore_lite/include/explore/
[12.738s] -- Installing: /home/sfr2023/leo_ws/install/explore_lite/include/explore//frontier_search.h
[12.738s] -- Installing: /home/sfr2023/leo_ws/install/explore_lite/include/explore//costmap_client.h
[12.739s] -- Installing: /home/sfr2023/leo_ws/install/explore_lite/include/explore//explore.h
[12.739s] -- Installing: /home/sfr2023/leo_ws/install/explore_lite/include/explore//costmap_tools.h
[12.739s] -- Installing: /home/sfr2023/leo_ws/install/explore_lite/share/explore_lite/config
[12.739s] -- Installing: /home/sfr2023/leo_ws/install/explore_lite/share/explore_lite/config/params_costmap.yaml
[12.741s] -- Installing: /home/sfr2023/leo_ws/install/explore_lite/share/explore_lite/config/params.yaml
[12.742s] -- Installing: /home/sfr2023/leo_ws/install/explore_lite/share/explore_lite/launch
[12.742s] -- Installing: /home/sfr2023/leo_ws/install/explore_lite/share/explore_lite/launch/explore.launch.py
[12.742s] -- Installing: /home/sfr2023/leo_ws/install/explore_lite/lib/explore_lite/explore
[12.746s] -- Set runtime path of "/home/sfr2023/leo_ws/install/explore_lite/lib/explore_lite/explore" to ""
[12.746s] -- Installing: /home/sfr2023/leo_ws/install/explore_lite/share/ament_index/resource_index/package_run_dependencies/explore_lite
[12.746s] -- Installing: /home/sfr2023/leo_ws/install/explore_lite/share/ament_index/resource_index/parent_prefix_path/explore_lite
[12.746s] -- Installing: /home/sfr2023/leo_ws/install/explore_lite/share/explore_lite/environment/ament_prefix_path.sh
[12.746s] -- Installing: /home/sfr2023/leo_ws/install/explore_lite/share/explore_lite/environment/ament_prefix_path.dsv
[12.746s] -- Installing: /home/sfr2023/leo_ws/install/explore_lite/share/explore_lite/environment/path.sh
[12.746s] -- Installing: /home/sfr2023/leo_ws/install/explore_lite/share/explore_lite/environment/path.dsv
[12.746s] -- Installing: /home/sfr2023/leo_ws/install/explore_lite/share/explore_lite/local_setup.bash
[12.746s] -- Installing: /home/sfr2023/leo_ws/install/explore_lite/share/explore_lite/local_setup.sh
[12.746s] -- Installing: /home/sfr2023/leo_ws/install/explore_lite/share/explore_lite/local_setup.zsh
[12.747s] -- Installing: /home/sfr2023/leo_ws/install/explore_lite/share/explore_lite/local_setup.dsv
[12.747s] -- Installing: /home/sfr2023/leo_ws/install/explore_lite/share/explore_lite/package.dsv
[12.747s] -- Installing: /home/sfr2023/leo_ws/install/explore_lite/share/ament_index/resource_index/packages/explore_lite
[12.747s] -- Installing: /home/sfr2023/leo_ws/install/explore_lite/share/explore_lite/cmake/ament_cmake_export_include_directories-extras.cmake
[12.747s] -- Installing: /home/sfr2023/leo_ws/install/explore_lite/share/explore_lite/cmake/explore_liteConfig.cmake
[12.747s] -- Installing: /home/sfr2023/leo_ws/install/explore_lite/share/explore_lite/cmake/explore_liteConfig-version.cmake
[12.747s] -- Installing: /home/sfr2023/leo_ws/install/explore_lite/share/explore_lite/package.xml
[12.748s] Invoked command in '/home/sfr2023/leo_ws/build/explore_lite' returned '0': CMAKE_PREFIX_PATH=${CMAKE_PREFIX_PATH}:/opt/ros/humble /usr/bin/cmake --install /home/sfr2023/leo_ws/build/explore_lite
