[0.061s] DEBUG:colcon:Command line arguments: ['/usr/bin/colcon', 'list', '--paths-only', '--base-paths', '/home/sfr2023/leo_ws/src']
[0.062s] DEBUG:colcon:Parsed command line arguments: Namespace(log_base=None, log_level=None, verb_name='list', build_base='build', ignore_user_meta=False, metas=['./colcon.meta'], base_paths=['/home/sfr2023/leo_ws/src'], packages_ignore=None, packages_ignore_regex=None, paths=None, packages_up_to=None, packages_up_to_regex=None, packages_above=None, packages_above_and_dependencies=None, packages_above_depth=None, packages_select_by_dep=None, packages_skip_by_dep=None, packages_skip_up_to=None, packages_select_build_failed=False, packages_skip_build_finished=False, packages_select_test_failures=False, packages_skip_test_passed=False, packages_select=None, packages_skip=None, packages_select_regex=None, packages_skip_regex=None, packages_start=None, packages_end=None, allow_overriding=[], topological_order=False, names_only=False, paths_only=True, topological_graph=False, topological_graph_dot=False, topological_graph_density=False, topological_graph_legend=False, topological_graph_dot_cluster=False, topological_graph_dot_include_skipped=False, mixin_files=None, mixin=None, verb_parser=<colcon_mixin.mixin.mixin_argument.MixinArgumentDecorator object at 0x7af5e3236da0>, verb_extension=<colcon_package_information.verb.list.ListVerb object at 0x7af5e3236320>, main=<bound method ListVerb.main of <colcon_package_information.verb.list.ListVerb object at 0x7af5e3236320>>, mixin_verb=('list',))
[0.154s] Level 1:colcon.colcon_core.package_discovery:discover_packages(colcon_meta) check parameters
[0.154s] Level 1:colcon.colcon_core.package_discovery:discover_packages(recursive) check parameters
[0.154s] Level 1:colcon.colcon_core.package_discovery:discover_packages(ignore) check parameters
[0.154s] Level 1:colcon.colcon_core.package_discovery:discover_packages(path) check parameters
[0.154s] Level 1:colcon.colcon_core.package_discovery:discover_packages(recursive) discover
[0.154s] INFO:colcon.colcon_core.package_discovery:Crawling recursively for packages in '/home/sfr2023/leo_ws/src'
[0.154s] Level 1:colcon.colcon_core.package_identification:_identify(/home/sfr2023/leo_ws/src) by extensions ['ignore', 'ignore_ament_install']
[0.154s] Level 1:colcon.colcon_core.package_identification:_identify(/home/sfr2023/leo_ws/src) by extension 'ignore'
[0.154s] Level 1:colcon.colcon_core.package_identification:_identify(/home/sfr2023/leo_ws/src) by extension 'ignore_ament_install'
[0.154s] Level 1:colcon.colcon_core.package_identification:_identify(/home/sfr2023/leo_ws/src) by extensions ['colcon_pkg']
[0.154s] Level 1:colcon.colcon_core.package_identification:_identify(/home/sfr2023/leo_ws/src) by extension 'colcon_pkg'
[0.154s] Level 1:colcon.colcon_core.package_identification:_identify(/home/sfr2023/leo_ws/src) by extensions ['colcon_meta']
[0.154s] Level 1:colcon.colcon_core.package_identification:_identify(/home/sfr2023/leo_ws/src) by extension 'colcon_meta'
[0.154s] Level 1:colcon.colcon_core.package_identification:_identify(/home/sfr2023/leo_ws/src) by extensions ['ros']
[0.154s] Level 1:colcon.colcon_core.package_identification:_identify(/home/sfr2023/leo_ws/src) by extension 'ros'
[0.161s] Level 1:colcon.colcon_core.package_identification:_identify(/home/sfr2023/leo_ws/src) by extensions ['cmake', 'python']
[0.161s] Level 1:colcon.colcon_core.package_identification:_identify(/home/sfr2023/leo_ws/src) by extension 'cmake'
[0.161s] Level 1:colcon.colcon_core.package_identification:_identify(/home/sfr2023/leo_ws/src) by extension 'python'
[0.161s] Level 1:colcon.colcon_core.package_identification:_identify(/home/sfr2023/leo_ws/src) by extensions ['python_setup_py']
[0.161s] Level 1:colcon.colcon_core.package_identification:_identify(/home/sfr2023/leo_ws/src) by extension 'python_setup_py'
[0.161s] Level 1:colcon.colcon_core.package_identification:_identify(/home/sfr2023/leo_ws/src/leo_description) by extensions ['ignore', 'ignore_ament_install']
[0.161s] Level 1:colcon.colcon_core.package_identification:_identify(/home/sfr2023/leo_ws/src/leo_description) by extension 'ignore'
[0.162s] Level 1:colcon.colcon_core.package_identification:_identify(/home/sfr2023/leo_ws/src/leo_description) by extension 'ignore_ament_install'
[0.162s] Level 1:colcon.colcon_core.package_identification:_identify(/home/sfr2023/leo_ws/src/leo_description) by extensions ['colcon_pkg']
[0.162s] Level 1:colcon.colcon_core.package_identification:_identify(/home/sfr2023/leo_ws/src/leo_description) by extension 'colcon_pkg'
[0.162s] Level 1:colcon.colcon_core.package_identification:_identify(/home/sfr2023/leo_ws/src/leo_description) by extensions ['colcon_meta']
[0.162s] Level 1:colcon.colcon_core.package_identification:_identify(/home/sfr2023/leo_ws/src/leo_description) by extension 'colcon_meta'
[0.162s] Level 1:colcon.colcon_core.package_identification:_identify(/home/sfr2023/leo_ws/src/leo_description) by extensions ['ros']
[0.162s] Level 1:colcon.colcon_core.package_identification:_identify(/home/sfr2023/leo_ws/src/leo_description) by extension 'ros'
[0.163s] DEBUG:colcon.colcon_core.package_identification:Package '/home/sfr2023/leo_ws/src/leo_description' with type 'ros.ament_python' and name 'leo_description'
[0.163s] Level 1:colcon.colcon_core.package_identification:_identify(/home/sfr2023/leo_ws/src/leo_gz_plugins) by extensions ['ignore', 'ignore_ament_install']
[0.163s] Level 1:colcon.colcon_core.package_identification:_identify(/home/sfr2023/leo_ws/src/leo_gz_plugins) by extension 'ignore'
[0.164s] Level 1:colcon.colcon_core.package_identification:_identify(/home/sfr2023/leo_ws/src/leo_gz_plugins) by extension 'ignore_ament_install'
[0.164s] Level 1:colcon.colcon_core.package_identification:_identify(/home/sfr2023/leo_ws/src/leo_gz_plugins) by extensions ['colcon_pkg']
[0.164s] Level 1:colcon.colcon_core.package_identification:_identify(/home/sfr2023/leo_ws/src/leo_gz_plugins) by extension 'colcon_pkg'
[0.164s] Level 1:colcon.colcon_core.package_identification:_identify(/home/sfr2023/leo_ws/src/leo_gz_plugins) by extensions ['colcon_meta']
[0.164s] Level 1:colcon.colcon_core.package_identification:_identify(/home/sfr2023/leo_ws/src/leo_gz_plugins) by extension 'colcon_meta'
[0.164s] Level 1:colcon.colcon_core.package_identification:_identify(/home/sfr2023/leo_ws/src/leo_gz_plugins) by extensions ['ros']
[0.164s] Level 1:colcon.colcon_core.package_identification:_identify(/home/sfr2023/leo_ws/src/leo_gz_plugins) by extension 'ros'
[0.166s] DEBUG:colcon.colcon_core.package_identification:Package '/home/sfr2023/leo_ws/src/leo_gz_plugins' with type 'ros.ament_cmake' and name 'leo_gz_plugins'
[0.166s] Level 1:colcon.colcon_core.package_identification:_identify(/home/sfr2023/leo_ws/src/m-explore-ros2) by extensions ['ignore', 'ignore_ament_install']
[0.166s] Level 1:colcon.colcon_core.package_identification:_identify(/home/sfr2023/leo_ws/src/m-explore-ros2) by extension 'ignore'
[0.167s] Level 1:colcon.colcon_core.package_identification:_identify(/home/sfr2023/leo_ws/src/m-explore-ros2) by extension 'ignore_ament_install'
[0.167s] Level 1:colcon.colcon_core.package_identification:_identify(/home/sfr2023/leo_ws/src/m-explore-ros2) by extensions ['colcon_pkg']
[0.167s] Level 1:colcon.colcon_core.package_identification:_identify(/home/sfr2023/leo_ws/src/m-explore-ros2) by extension 'colcon_pkg'
[0.167s] Level 1:colcon.colcon_core.package_identification:_identify(/home/sfr2023/leo_ws/src/m-explore-ros2) by extensions ['colcon_meta']
[0.167s] Level 1:colcon.colcon_core.package_identification:_identify(/home/sfr2023/leo_ws/src/m-explore-ros2) by extension 'colcon_meta'
[0.167s] Level 1:colcon.colcon_core.package_identification:_identify(/home/sfr2023/leo_ws/src/m-explore-ros2) by extensions ['ros']
[0.167s] Level 1:colcon.colcon_core.package_identification:_identify(/home/sfr2023/leo_ws/src/m-explore-ros2) by extension 'ros'
[0.167s] Level 1:colcon.colcon_core.package_identification:_identify(/home/sfr2023/leo_ws/src/m-explore-ros2) by extensions ['cmake', 'python']
[0.167s] Level 1:colcon.colcon_core.package_identification:_identify(/home/sfr2023/leo_ws/src/m-explore-ros2) by extension 'cmake'
[0.167s] Level 1:colcon.colcon_core.package_identification:_identify(/home/sfr2023/leo_ws/src/m-explore-ros2) by extension 'python'
[0.167s] Level 1:colcon.colcon_core.package_identification:_identify(/home/sfr2023/leo_ws/src/m-explore-ros2) by extensions ['python_setup_py']
[0.167s] Level 1:colcon.colcon_core.package_identification:_identify(/home/sfr2023/leo_ws/src/m-explore-ros2) by extension 'python_setup_py'
[0.167s] Level 1:colcon.colcon_core.package_identification:_identify(/home/sfr2023/leo_ws/src/m-explore-ros2/explore) by extensions ['ignore', 'ignore_ament_install']
[0.167s] Level 1:colcon.colcon_core.package_identification:_identify(/home/sfr2023/leo_ws/src/m-explore-ros2/explore) by extension 'ignore'
[0.167s] Level 1:colcon.colcon_core.package_identification:_identify(/home/sfr2023/leo_ws/src/m-explore-ros2/explore) by extension 'ignore_ament_install'
[0.167s] Level 1:colcon.colcon_core.package_identification:_identify(/home/sfr2023/leo_ws/src/m-explore-ros2/explore) by extensions ['colcon_pkg']
[0.167s] Level 1:colcon.colcon_core.package_identification:_identify(/home/sfr2023/leo_ws/src/m-explore-ros2/explore) by extension 'colcon_pkg'
[0.167s] Level 1:colcon.colcon_core.package_identification:_identify(/home/sfr2023/leo_ws/src/m-explore-ros2/explore) by extensions ['colcon_meta']
[0.167s] Level 1:colcon.colcon_core.package_identification:_identify(/home/sfr2023/leo_ws/src/m-explore-ros2/explore) by extension 'colcon_meta'
[0.167s] Level 1:colcon.colcon_core.package_identification:_identify(/home/sfr2023/leo_ws/src/m-explore-ros2/explore) by extensions ['ros']
[0.167s] Level 1:colcon.colcon_core.package_identification:_identify(/home/sfr2023/leo_ws/src/m-explore-ros2/explore) by extension 'ros'
[0.168s] DEBUG:colcon.colcon_core.package_identification:Package '/home/sfr2023/leo_ws/src/m-explore-ros2/explore' with type 'ros.ament_cmake' and name 'explore_lite'
[0.168s] Level 1:colcon.colcon_core.package_identification:_identify(/home/sfr2023/leo_ws/src/navigation_demos) by extensions ['ignore', 'ignore_ament_install']
[0.168s] Level 1:colcon.colcon_core.package_identification:_identify(/home/sfr2023/leo_ws/src/navigation_demos) by extension 'ignore'
[0.168s] Level 1:colcon.colcon_core.package_identification:_identify(/home/sfr2023/leo_ws/src/navigation_demos) by extension 'ignore_ament_install'
[0.168s] Level 1:colcon.colcon_core.package_identification:_identify(/home/sfr2023/leo_ws/src/navigation_demos) by extensions ['colcon_pkg']
[0.168s] Level 1:colcon.colcon_core.package_identification:_identify(/home/sfr2023/leo_ws/src/navigation_demos) by extension 'colcon_pkg'
[0.168s] Level 1:colcon.colcon_core.package_identification:_identify(/home/sfr2023/leo_ws/src/navigation_demos) by extensions ['colcon_meta']
[0.168s] Level 1:colcon.colcon_core.package_identification:_identify(/home/sfr2023/leo_ws/src/navigation_demos) by extension 'colcon_meta'
[0.168s] Level 1:colcon.colcon_core.package_identification:_identify(/home/sfr2023/leo_ws/src/navigation_demos) by extensions ['ros']
[0.168s] Level 1:colcon.colcon_core.package_identification:_identify(/home/sfr2023/leo_ws/src/navigation_demos) by extension 'ros'
[0.168s] DEBUG:colcon.colcon_core.package_identification:Package '/home/sfr2023/leo_ws/src/navigation_demos' with type 'ros.ament_python' and name 'navigation_demos'
[0.168s] Level 1:colcon.colcon_core.package_discovery:discover_packages(recursive) using defaults
[0.062s] DEBUG:colcon:Command line arguments: ['/usr/bin/colcon', 'list', '--paths-only', '--base-paths', '/home/sfr2023/leo_ws/src']
[0.062s] DEBUG:colcon:Parsed command line arguments: Namespace(log_base=None, log_level=None, verb_name='list', build_base='build', ignore_user_meta=False, metas=['./colcon.meta'], base_paths=['/home/sfr2023/leo_ws/src'], packages_ignore=None, packages_ignore_regex=None, paths=None, packages_up_to=None, packages_up_to_regex=None, packages_above=None, packages_above_and_dependencies=None, packages_above_depth=None, packages_select_by_dep=None, packages_skip_by_dep=None, packages_skip_up_to=None, packages_select_build_failed=False, packages_skip_build_finished=False, packages_select_test_failures=False, packages_skip_test_passed=False, packages_select=None, packages_skip=None, packages_select_regex=None, packages_skip_regex=None, packages_start=None, packages_end=None, allow_overriding=[], topological_order=False, names_only=False, paths_only=True, topological_graph=False, topological_graph_dot=False, topological_graph_density=False, topological_graph_legend=False, topological_graph_dot_cluster=False, topological_graph_dot_include_skipped=False, mixin_files=None, mixin=None, verb_parser=<colcon_mixin.mixin.mixin_argument.MixinArgumentDecorator object at 0x7f06cbb3eda0>, verb_extension=<colcon_package_information.verb.list.ListVerb object at 0x7f06cbb3e320>, main=<bound method ListVerb.main of <colcon_package_information.verb.list.ListVerb object at 0x7f06cbb3e320>>, mixin_verb=('list',))
[0.153s] Level 1:colcon.colcon_core.package_discovery:discover_packages(colcon_meta) check parameters
[0.153s] Level 1:colcon.colcon_core.package_discovery:discover_packages(recursive) check parameters
[0.153s] Level 1:colcon.colcon_core.package_discovery:discover_packages(ignore) check parameters
[0.153s] Level 1:colcon.colcon_core.package_discovery:discover_packages(path) check parameters
[0.153s] Level 1:colcon.colcon_core.package_discovery:discover_packages(recursive) discover
[0.153s] INFO:colcon.colcon_core.package_discovery:Crawling recursively for packages in '/home/sfr2023/leo_ws/src'
[0.153s] Level 1:colcon.colcon_core.package_identification:_identify(/home/sfr2023/leo_ws/src) by extensions ['ignore', 'ignore_ament_install']
[0.153s] Level 1:colcon.colcon_core.package_identification:_identify(/home/sfr2023/leo_ws/src) by extension 'ignore'
[0.153s] Level 1:colcon.colcon_core.package_identification:_identify(/home/sfr2023/leo_ws/src) by extension 'ignore_ament_install'
[0.153s] Level 1:colcon.colcon_core.package_identification:_identify(/home/sfr2023/leo_ws/src) by extensions ['colcon_pkg']
[0.153s] Level 1:colcon.colcon_core.package_identification:_identify(/home/sfr2023/leo_ws/src) by extension 'colcon_pkg'
[0.153s] Level 1:colcon.colcon_core.package_identification:_identify(/home/sfr2023/leo_ws/src) by extensions ['colcon_meta']
[0.153s] Level 1:colcon.colcon_core.package_identification:_identify(/home/sfr2023/leo_ws/src) by extension 'colcon_meta'
[0.153s] Level 1:colcon.colcon_core.package_identification:_identify(/home/sfr2023/leo_ws/src) by extensions ['ros']
[0.153s] Level 1:colcon.colcon_core.package_identification:_identify(/home/sfr2023/leo_ws/src) by extension 'ros'
[0.160s] Level 1:colcon.colcon_core.package_identification:_identify(/home/sfr2023/leo_ws/src) by extensions ['cmake', 'python']
[0.160s] Level 1:colcon.colcon_core.package_identification:_identify(/home/sfr2023/leo_ws/src) by extension 'cmake'
[0.160s] Level 1:colcon.colcon_core.package_identification:_identify(/home/sfr2023/leo_ws/src) by extension 'python'
[0.160s] Level 1:colcon.colcon_core.package_identification:_identify(/home/sfr2023/leo_ws/src) by extensions ['python_setup_py']
[0.160s] Level 1:colcon.colcon_core.package_identification:_identify(/home/sfr2023/leo_ws/src) by extension 'python_setup_py'
[0.160s] Level 1:colcon.colcon_core.package_identification:_identify(/home/sfr2023/leo_ws/src/leo_description) by extensions ['ignore', 'ignore_ament_install']
[0.160s] Level 1:colcon.colcon_core.package_identification:_identify(/home/sfr2023/leo_ws/src/leo_description) by extension 'ignore'
[0.160s] Level 1:colcon.colcon_core.package_identification:_identify(/home/sfr2023/leo_ws/src/leo_description) by extension 'ignore_ament_install'
[0.160s] Level 1:colcon.colcon_core.package_identification:_identify(/home/sfr2023/leo_ws/src/leo_description) by extensions ['colcon_pkg']
[0.160s] Level 1:colcon.colcon_core.package_identification:_identify(/home/sfr2023/leo_ws/src/leo_description) by extension 'colcon_pkg'
[0.160s] Level 1:colcon.colcon_core.package_identification:_identify(/home/sfr2023/leo_ws/src/leo_description) by extensions ['colcon_meta']
[0.160s] Level 1:colcon.colcon_core.package_identification:_identify(/home/sfr2023/leo_ws/src/leo_description) by extension 'colcon_meta'
[0.160s] Level 1:colcon.colcon_core.package_identification:_identify(/home/sfr2023/leo_ws/src/leo_description) by extensions ['ros']
[0.160s] Level 1:colcon.colcon_core.package_identification:_identify(/home/sfr2023/leo_ws/src/leo_description) by extension 'ros'
[0.162s] DEBUG:colcon.colcon_core.package_identification:Package '/home/sfr2023/leo_ws/src/leo_description' with type 'ros.ament_python' and name 'leo_description'
[0.162s] Level 1:colcon.colcon_core.package_identification:_identify(/home/sfr2023/leo_ws/src/leo_gz_plugins) by extensions ['ignore', 'ignore_ament_install']
[0.162s] Level 1:colcon.colcon_core.package_identification:_identify(/home/sfr2023/leo_ws/src/leo_gz_plugins) by extension 'ignore'
[0.162s] Level 1:colcon.colcon_core.package_identification:_identify(/home/sfr2023/leo_ws/src/leo_gz_plugins) by extension 'ignore_ament_install'
[0.162s] Level 1:colcon.colcon_core.package_identification:_identify(/home/sfr2023/leo_ws/src/leo_gz_plugins) by extensions ['colcon_pkg']
[0.162s] Level 1:colcon.colcon_core.package_identification:_identify(/home/sfr2023/leo_ws/src/leo_gz_plugins) by extension 'colcon_pkg'
[0.162s] Level 1:colcon.colcon_core.package_identification:_identify(/home/sfr2023/leo_ws/src/leo_gz_plugins) by extensions ['colcon_meta']
[0.162s] Level 1:colcon.colcon_core.package_identification:_identify(/home/sfr2023/leo_ws/src/leo_gz_plugins) by extension 'colcon_meta'
[0.162s] Level 1:colcon.colcon_core.package_identification:_identify(/home/sfr2023/leo_ws/src/leo_gz_plugins) by extensions ['ros']
[0.162s] Level 1:colcon.colcon_core.package_identification:_identify(/home/sfr2023/leo_ws/src/leo_gz_plugins) by extension 'ros'
[0.165s] DEBUG:colcon.colcon_core.package_identification:Package '/home/sfr2023/leo_ws/src/leo_gz_plugins' with type 'ros.ament_cmake' and name 'leo_gz_plugins'
[0.165s] Level 1:colcon.colcon_core.package_identification:_identify(/home/sfr2023/leo_ws/src/m-explore-ros2) by extensions ['ignore', 'ignore_ament_install']
[0.165s] Level 1:colcon.colcon_core.package_identification:_identify(/home/sfr2023/leo_ws/src/m-explore-ros2) by extension 'ignore'
[0.165s] Level 1:colcon.colcon_core.package_identification:_identify(/home/sfr2023/leo_ws/src/m-explore-ros2) by extension 'ignore_ament_install'
[0.165s] Level 1:colcon.colcon_core.package_identification:_identify(/home/sfr2023/leo_ws/src/m-explore-ros2) by extensions ['colcon_pkg']
[0.165s] Level 1:colcon.colcon_core.package_identification:_identify(/home/sfr2023/leo_ws/src/m-explore-ros2) by extension 'colcon_pkg'
[0.165s] Level 1:colcon.colcon_core.package_identification:_identify(/home/sfr2023/leo_ws/src/m-explore-ros2) by extensions ['colcon_meta']
[0.165s] Level 1:colcon.colcon_core.package_identification:_identify(/home/sfr2023/leo_ws/src/m-explore-ros2) by extension 'colcon_meta'
[0.165s] Level 1:colcon.colcon_core.package_identification:_identify(/home/sfr2023/leo_ws/src/m-explore-ros2) by extensions ['ros']
[0.165s] Level 1:colcon.colcon_core.package_identification:_identify(/home/sfr2023/leo_ws/src/m-explore-ros2) by extension 'ros'
[0.165s] Level 1:colcon.colcon_core.package_identification:_identify(/home/sfr2023/leo_ws/src/m-explore-ros2) by extensions ['cmake', 'python']
[0.165s] Level 1:colcon.colcon_core.package_identification:_identify(/home/sfr2023/leo_ws/src/m-explore-ros2) by extension 'cmake'
[0.165s] Level 1:colcon.colcon_core.package_identification:_identify(/home/sfr2023/leo_ws/src/m-explore-ros2) by extension 'python'
[0.165s] Level 1:colcon.colcon_core.package_identification:_identify(/home/sfr2023/leo_ws/src/m-explore-ros2) by extensions ['python_setup_py']
[0.165s] Level 1:colcon.colcon_core.package_identification:_identify(/home/sfr2023/leo_ws/src/m-explore-ros2) by extension 'python_setup_py'
[0.165s] Level 1:colcon.colcon_core.package_identification:_identify(/home/sfr2023/leo_ws/src/m-explore-ros2/explore) by extensions ['ignore', 'ignore_ament_install']
[0.166s] Level 1:colcon.colcon_core.package_identification:_identify(/home/sfr2023/leo_ws/src/m-explore-ros2/explore) by extension 'ignore'
[0.166s] Level 1:colcon.colcon_core.package_identification:_identify(/home/sfr2023/leo_ws/src/m-explore-ros2/explore) by extension 'ignore_ament_install'
[0.166s] Level 1:colcon.colcon_core.package_identification:_identify(/home/sfr2023/leo_ws/src/m-explore-ros2/explore) by extensions ['colcon_pkg']
[0.166s] Level 1:colcon.colcon_core.package_identification:_identify(/home/sfr2023/leo_ws/src/m-explore-ros2/explore) by extension 'colcon_pkg'
[0.166s] Level 1:colcon.colcon_core.package_identification:_identify(/home/sfr2023/leo_ws/src/m-explore-ros2/explore) by extensions ['colcon_meta']
[0.166s] Level 1:colcon.colcon_core.package_identification:_identify(/home/sfr2023/leo_ws/src/m-explore-ros2/explore) by extension 'colcon_meta'
[0.166s] Level 1:colcon.colcon_core.package_identification:_identify(/home/sfr2023/leo_ws/src/m-explore-ros2/explore) by extensions ['ros']
[0.166s] Level 1:colcon.colcon_core.package_identification:_identify(/home/sfr2023/leo_ws/src/m-explore-ros2/explore) by extension 'ros'
[0.166s] DEBUG:colcon.colcon_core.package_identification:Package '/home/sfr2023/leo_ws/src/m-explore-ros2/explore' with type 'ros.ament_cmake' and name 'explore_lite'
[0.166s] Level 1:colcon.colcon_core.package_identification:_identify(/home/sfr2023/leo_ws/src/navigation_demos) by extensions ['ignore', 'ignore_ament_install']
[0.167s] Level 1:colcon.colcon_core.package_identification:_identify(/home/sfr2023/leo_ws/src/navigation_demos) by extension 'ignore'
[0.167s] Level 1:colcon.colcon_core.package_identification:_identify(/home/sfr2023/leo_ws/src/navigation_demos) by extension 'ignore_ament_install'
[0.167s] Level 1:colcon.colcon_core.package_identification:_identify(/home/sfr2023/leo_ws/src/navigation_demos) by extensions ['colcon_pkg']
[0.167s] Level 1:colcon.colcon_core.package_identification:_identify(/home/sfr2023/leo_ws/src/navigation_demos) by extension 'colcon_pkg'
[0.167s] Level 1:colcon.colcon_core.package_identification:_identify(/home/sfr2023/leo_ws/src/navigation_demos) by extensions ['colcon_meta']
[0.167s] Level 1:colcon.colcon_core.package_identification:_identify(/home/sfr2023/leo_ws/src/navigation_demos) by extension 'colcon_meta'
[0.167s] Level 1:colcon.colcon_core.package_identification:_identify(/home/sfr2023/leo_ws/src/navigation_demos) by extensions ['ros']
[0.167s] Level 1:colcon.colcon_core.package_identification:_identify(/home/sfr2023/leo_ws/src/navigation_demos) by extension 'ros'
[0.167s] DEBUG:colcon.colcon_core.package_identification:Package '/home/sfr2023/leo_ws/src/navigation_demos' with type 'ros.ament_python' and name 'navigation_demos'
[0.167s] Level 1:colcon.colcon_core.package_discovery:discover_packages(recursive) using defaults
